Watching for file changes with StatReloader
Waiting for apps ready_event.
Apps ready_event triggered. Sending autoreload_started signal.
Watching dir /home/marco/Escritorio/TFG/virtual/lib/python3.10/site-packages/django_extensions/templates with glob **/*.
Watching dir /home/marco/Escritorio/TFG/marpaga_tfg/gestion/templates with glob **/*.
Watching dir /home/marco/Escritorio/TFG/marpaga_tfg/personal/templates with glob **/*.
Watching dir /home/marco/Escritorio/TFG/marpaga_tfg/locale with glob **/*.mo.
Watching dir /home/marco/Escritorio/TFG/marpaga_tfg/gestion/locale with glob **/*.mo.
Watching dir /home/marco/Escritorio/TFG/marpaga_tfg/personal/locale with glob **/*.mo.
Watching dir /home/marco/Escritorio/TFG/virtual/lib/python3.10/site-packages/django_extensions/locale with glob **/*.mo.
(0.000) 
            SELECT name, type FROM sqlite_master
            WHERE type in ('table', 'view') AND NOT name='sqlite_sequence'
            ORDER BY name; args=None; alias=default
(0.000) SELECT "django_migrations"."id", "django_migrations"."app", "django_migrations"."name", "django_migrations"."applied" FROM "django_migrations"; args=(); alias=default
File /home/marco/Escritorio/TFG/virtual/lib/python3.10/site-packages/django_extensions/templatetags/syntax_color.py first seen with mtime 1707846666.7678442
File /home/marco/Escritorio/TFG/marpaga_tfg/personal/apps.py first seen with mtime 1707999020.2323697
File /home/marco/Escritorio/TFG/virtual/lib/python3.10/site-packages/setuptools/_vendor/packaging/_musllinux.py first seen with mtime 1708273892.4513328
File /usr/lib/python3.10/dataclasses.py first seen with mtime 1700493245.0
File /home/marco/Escritorio/TFG/virtual/lib/python3.10/site-packages/sqlparse/cli.py first seen with mtime 1707846643.5442379
File /usr/lib/python3.10/asyncio/threads.py first seen with mtime 1700493245.0
File /home/marco/Escritorio/TFG/virtual/lib/python3.10/site-packages/django/views/generic/detail.py first seen with mtime 1707939839.616192
File /home/marco/Escritorio/TFG/virtual/lib/python3.10/site-packages/docker/tls.py first seen with mtime 1707846682.1075106
File /home/marco/Escritorio/TFG/virtual/lib/python3.10/site-packages/setuptools/_vendor/packaging/version.py first seen with mtime 1708273892.455333
File /usr/lib/python3.10/concurrent/futures/__init__.py first seen with mtime 1700493245.0
File /home/marco/Escritorio/TFG/virtual/lib/python3.10/site-packages/django/core/checks/urls.py first seen with mtime 1707939839.564166
File /home/marco/Escritorio/TFG/virtual/lib/python3.10/site-packages/django/contrib/sites/requests.py first seen with mtime 1707939839.5361521
File /home/marco/Escritorio/TFG/virtual/lib/python3.10/site-packages/django/apps/registry.py first seen with mtime 1707939839.127948
File /home/marco/Escritorio/TFG/virtual/lib/python3.10/site-packages/django/urls/utils.py first seen with mtime 1707939839.608188
File /home/marco/Escritorio/TFG/virtual/lib/python3.10/site-packages/django_extensions/admin/__init__.py first seen with mtime 1707846666.7518363
File /home/marco/Escritorio/TFG/virtual/lib/python3.10/site-packages/sqlparse/filters/output.py first seen with mtime 1707846643.5442379
File /home/marco/Escritorio/TFG/virtual/lib/python3.10/site-packages/django/utils/autoreload.py first seen with mtime 1707939839.608188
File /usr/lib/python3.10/asyncio/coroutines.py first seen with mtime 1700493245.0
File /home/marco/Escritorio/TFG/virtual/lib/python3.10/site-packages/django/utils/duration.py first seen with mtime 1707939839.61219
File /usr/lib/python3.10/asyncio/mixins.py first seen with mtime 1700493245.0
File /usr/lib/python3.10/email/feedparser.py first seen with mtime 1700493245.0
File /usr/lib/python3.10/concurrent/__init__.py first seen with mtime 1700493245.0
File /home/marco/Escritorio/TFG/virtual/lib/python3.10/site-packages/django/db/models/fields/files.py first seen with mtime 1707939839.588178
File /home/marco/Escritorio/TFG/virtual/lib/python3.10/site-packages/django_extensions/templatetags/debugger_tags.py first seen with mtime 1707846666.7678442
File /home/marco/Escritorio/TFG/marpaga_tfg/personal/views.py first seen with mtime 1708607547.1792607
File /home/marco/Escritorio/TFG/virtual/lib/python3.10/site-packages/setuptools/_distutils/log.py first seen with mtime 1708273892.443333
File /home/marco/Escritorio/TFG/virtual/lib/python3.10/site-packages/django/core/files/move.py first seen with mtime 1707939839.564166
File /home/marco/Escritorio/TFG/virtual/lib/python3.10/site-packages/docker/models/configs.py first seen with mtime 1707846682.1115127
File /home/marco/Escritorio/TFG/virtual/lib/python3.10/site-packages/django/db/backends/base/introspection.py first seen with mtime 1707939839.576172
File /home/marco/Escritorio/TFG/virtual/lib/python3.10/site-packages/django/middleware/__init__.py first seen with mtime 1707939839.600184
File /home/marco/Escritorio/TFG/virtual/lib/python3.10/site-packages/setuptools/extension.py first seen with mtime 1708273892.4353328
File /usr/lib/python3.10/stat.py first seen with mtime 1700493245.0
File /usr/lib/python3.10/wsgiref/simple_server.py first seen with mtime 1700493245.0
File /home/marco/Escritorio/TFG/virtual/lib/python3.10/site-packages/django/template/loaders/cached.py first seen with mtime 1707939839.604186
File /home/marco/Escritorio/TFG/virtual/lib/python3.10/site-packages/docker/api/service.py first seen with mtime 1707846682.1115127
File /usr/lib/python3.10/pkgutil.py first seen with mtime 1700493245.0
File /usr/lib/python3.10/asyncio/__init__.py first seen with mtime 1700493245.0
File /usr/lib/python3.10/asyncio/log.py first seen with mtime 1700493245.0
File /home/marco/Escritorio/TFG/virtual/lib/python3.10/site-packages/urllib3/poolmanager.py first seen with mtime 1707846681.9194167
File /home/marco/Escritorio/TFG/virtual/lib/python3.10/site-packages/django/core/files/utils.py first seen with mtime 1707939839.568168
File /home/marco/Escritorio/TFG/virtual/lib/python3.10/site-packages/django/contrib/auth/signals.py first seen with mtime 1707939839.316042
File /home/marco/Escritorio/TFG/virtual/lib/python3.10/site-packages/django/db/models/fields/reverse_related.py first seen with mtime 1707939839.588178
File /home/marco/Escritorio/TFG/virtual/lib/python3.10/site-packages/django/contrib/messages/storage/__init__.py first seen with mtime 1707939839.468118
File /home/marco/Escritorio/TFG/virtual/lib/python3.10/site-packages/django/core/checks/security/csrf.py first seen with mtime 1707939839.564166
File /home/marco/Escritorio/TFG/virtual/lib/python3.10/site-packages/django/core/mail/message.py first seen with mtime 1707939839.568168
File /home/marco/Escritorio/TFG/virtual/lib/python3.10/site-packages/urllib3/exceptions.py first seen with mtime 1707846681.9194167
File /usr/lib/python3.10/asyncio/runners.py first seen with mtime 1700493245.0
File /home/marco/Escritorio/TFG/virtual/lib/python3.10/site-packages/django_extensions/admin/widgets.py first seen with mtime 1707846666.7518363
File /home/marco/Escritorio/TFG/virtual/lib/python3.10/site-packages/urllib3/util/timeout.py first seen with mtime 1707846681.9234185
File /home/marco/Escritorio/TFG/virtual/lib/python3.10/site-packages/django/http/response.py first seen with mtime 1707939839.600184
File /usr/lib/python3.10/email/mime/base.py first seen with mtime 1700493245.0
File /home/marco/Escritorio/TFG/virtual/lib/python3.10/site-packages/django/db/models/sql/__init__.py first seen with mtime 1707939839.588178
File /home/marco/Escritorio/TFG/virtual/lib/python3.10/site-packages/setuptools/_vendor/packaging/_structures.py first seen with mtime 1708273892.4513328
File /home/marco/Escritorio/TFG/virtual/lib/python3.10/site-packages/setuptools/_distutils/archive_util.py first seen with mtime 1708273892.439333
File /home/marco/Escritorio/TFG/virtual/lib/python3.10/site-packages/django/templatetags/__init__.py first seen with mtime 1707939839.604186
File /home/marco/Escritorio/TFG/virtual/lib/python3.10/site-packages/django/utils/crypto.py first seen with mtime 1707939839.608188
File /home/marco/Escritorio/TFG/virtual/lib/python3.10/site-packages/setuptools/_entry_points.py first seen with mtime 1708273892.4353328
File /usr/lib/python3.10/email/mime/__init__.py first seen with mtime 1700493245.0
File /usr/lib/python3.10/encodings/__init__.py first seen with mtime 1700493245.0
File /usr/lib/python3.10/http/server.py first seen with mtime 1700493245.0
File /usr/lib/python3.10/asyncio/unix_events.py first seen with mtime 1700493245.0
File /home/marco/Escritorio/TFG/virtual/lib/python3.10/site-packages/docker/credentials/errors.py first seen with mtime 1707846682.1115127
File /usr/lib/python3.10/multiprocessing/context.py first seen with mtime 1700493245.0
File /home/marco/Escritorio/TFG/virtual/lib/python3.10/site-packages/setuptools/discovery.py first seen with mtime 1708273892.4353328
File /usr/lib/python3.10/html/parser.py first seen with mtime 1700493245.0
File /usr/lib/python3.10/urllib/error.py first seen with mtime 1700493245.0
File /usr/lib/python3.10/zoneinfo/__init__.py first seen with mtime 1700493245.0
File /usr/lib/python3.10/lib-dynload/termios.cpython-310-x86_64-linux-gnu.so first seen with mtime 1700493245.0
File /home/marco/Escritorio/TFG/virtual/lib/python3.10/site-packages/charset_normalizer/models.py first seen with mtime 1707846682.0554845
File /home/marco/Escritorio/TFG/virtual/lib/python3.10/site-packages/django/views/decorators/common.py first seen with mtime 1707939839.616192
File /home/marco/Escritorio/TFG/virtual/lib/python3.10/site-packages/django/db/backends/base/schema.py first seen with mtime 1707939839.576172
File /usr/lib/python3.10/locale.py first seen with mtime 1700493245.0
File /home/marco/Escritorio/TFG/virtual/lib/python3.10/site-packages/docker/utils/fnmatch.py first seen with mtime 1707846682.1155145
File /usr/lib/python3.10/ctypes/util.py first seen with mtime 1700493245.0
File /home/marco/Escritorio/TFG/virtual/lib/python3.10/site-packages/docker/errors.py first seen with mtime 1707846682.1075106
File /usr/lib/python3.10/traceback.py first seen with mtime 1700493245.0
File /usr/lib/python3.10/_weakrefset.py first seen with mtime 1700493245.0
File /usr/lib/python3.10/fractions.py first seen with mtime 1700493245.0
File /usr/lib/python3.10/email/__init__.py first seen with mtime 1700493245.0
File /home/marco/Escritorio/TFG/virtual/lib/python3.10/site-packages/django_extensions/templatetags/widont.py first seen with mtime 1707846666.7678442
File /home/marco/Escritorio/TFG/virtual/lib/python3.10/site-packages/sqlparse/exceptions.py first seen with mtime 1707846643.5442379
File /home/marco/Escritorio/TFG/virtual/lib/python3.10/site-packages/urllib3/connection.py first seen with mtime 1707846681.9194167
File /usr/lib/python3.10/lib-dynload/_asyncio.cpython-310-x86_64-linux-gnu.so first seen with mtime 1700493245.0
File /home/marco/Escritorio/TFG/virtual/lib/python3.10/site-packages/django/core/management/commands/runserver.py first seen with mtime 1707939839.57217
File /usr/lib/python3.10/ssl.py first seen with mtime 1700493245.0
File /usr/lib/python3.10/lib-dynload/_multibytecodec.cpython-310-x86_64-linux-gnu.so first seen with mtime 1700493245.0
File /home/marco/Escritorio/TFG/virtual/lib/python3.10/site-packages/django/urls/base.py first seen with mtime 1707939839.608188
File /home/marco/Escritorio/TFG/virtual/lib/python3.10/site-packages/django/contrib/contenttypes/models.py first seen with mtime 1707939839.348058
File /home/marco/Escritorio/TFG/virtual/lib/python3.10/site-packages/django/contrib/sessions/middleware.py first seen with mtime 1707939839.51214
File /usr/lib/python3.10/subprocess.py first seen with mtime 1700493245.0
File /home/marco/Escritorio/TFG/virtual/lib/python3.10/site-packages/setuptools/_distutils/dir_util.py first seen with mtime 1708273892.443333
File /home/marco/Escritorio/TFG/virtual/lib/python3.10/site-packages/setuptools/_path.py first seen with mtime 1708273892.4353328
File /home/marco/Escritorio/TFG/virtual/lib/python3.10/site-packages/setuptools/_distutils/_log.py first seen with mtime 1708273892.439333
File /home/marco/Escritorio/TFG/virtual/lib/python3.10/site-packages/django/urls/__init__.py first seen with mtime 1707939839.608188
File /home/marco/Escritorio/TFG/virtual/lib/python3.10/site-packages/django_extensions/models.py first seen with mtime 1707846666.7518363
File /usr/lib/python3.10/pprint.py first seen with mtime 1700493245.0
File /home/marco/Escritorio/TFG/virtual/lib/python3.10/site-packages/django_extensions/templatetags/indent_text.py first seen with mtime 1707846666.7678442
File /usr/lib/python3.10/_sitebuiltins.py first seen with mtime 1700493245.0
File /home/marco/Escritorio/TFG/virtual/lib/python3.10/site-packages/urllib3/response.py first seen with mtime 1707846681.9194167
File /usr/lib/python3.10/sqlite3/dbapi2.py first seen with mtime 1700493245.0
File /home/marco/Escritorio/TFG/virtual/lib/python3.10/site-packages/django/template/loader.py first seen with mtime 1707939839.604186
File /home/marco/Escritorio/TFG/virtual/lib/python3.10/site-packages/django/db/utils.py first seen with mtime 1707939839.576172
File /home/marco/Escritorio/TFG/virtual/lib/python3.10/site-packages/django/template/context.py first seen with mtime 1707939839.604186
File /home/marco/Escritorio/TFG/virtual/lib/python3.10/site-packages/django/core/files/base.py first seen with mtime 1707939839.564166
File /usr/lib/python3.10/email/_policybase.py first seen with mtime 1700493245.0
File /home/marco/Escritorio/TFG/virtual/lib/python3.10/site-packages/sqlparse/engine/grouping.py first seen with mtime 1707846643.5442379
File /usr/lib/python3.10/asyncio/queues.py first seen with mtime 1700493245.0
File /usr/lib/python3.10/lib-dynload/_opcode.cpython-310-x86_64-linux-gnu.so first seen with mtime 1700493245.0
File /usr/lib/python3.10/lib-dynload/_zoneinfo.cpython-310-x86_64-linux-gnu.so first seen with mtime 1700493245.0
File /home/marco/Escritorio/TFG/virtual/lib/python3.10/site-packages/django/utils/version.py first seen with mtime 1707939839.61219
File /usr/lib/python3.10/urllib/request.py first seen with mtime 1700493245.0
File /usr/lib/python3.10/json/decoder.py first seen with mtime 1700493245.0
File /usr/lib/python3.10/hashlib.py first seen with mtime 1700493245.0
File /home/marco/Escritorio/TFG/virtual/lib/python3.10/site-packages/django/core/files/__init__.py first seen with mtime 1707939839.564166
File /home/marco/Escritorio/TFG/virtual/lib/python3.10/site-packages/urllib3/util/connection.py first seen with mtime 1707846681.9234185
File /home/marco/Escritorio/TFG/virtual/lib/python3.10/site-packages/docker/api/daemon.py first seen with mtime 1707846682.1115127
File /usr/lib/python3.10/getopt.py first seen with mtime 1700493245.0
File /home/marco/Escritorio/TFG/virtual/lib/python3.10/site-packages/django/http/multipartparser.py first seen with mtime 1707939839.600184
File /home/marco/Escritorio/TFG/virtual/lib/python3.10/site-packages/iptc/ip6tc.py first seen with mtime 1708602436.542861
File /home/marco/Escritorio/TFG/virtual/lib/python3.10/site-packages/urllib3/util/proxy.py first seen with mtime 1707846681.9234185
File /home/marco/Escritorio/TFG/virtual/lib/python3.10/site-packages/setuptools/_distutils/extension.py first seen with mtime 1708273892.443333
File /home/marco/Escritorio/TFG/virtual/lib/python3.10/site-packages/setuptools/_distutils/fancy_getopt.py first seen with mtime 1708273892.443333
File /home/marco/Escritorio/TFG/virtual/lib/python3.10/site-packages/django/core/cache/backends/filebased.py first seen with mtime 1707939839.564166
File /home/marco/Escritorio/TFG/virtual/lib/python3.10/site-packages/django/core/paginator.py first seen with mtime 1707939839.564166
File /home/marco/Escritorio/TFG/virtual/lib/python3.10/site-packages/django/http/__init__.py first seen with mtime 1707939839.600184
File /home/marco/Escritorio/TFG/virtual/lib/python3.10/site-packages/setuptools/_importlib.py first seen with mtime 1708273892.4353328
File /home/marco/Escritorio/TFG/virtual/lib/python3.10/site-packages/django/core/checks/messages.py first seen with mtime 1707939839.564166
File /home/marco/Escritorio/TFG/virtual/lib/python3.10/site-packages/docker/context/context.py first seen with mtime 1707846682.1115127
File /home/marco/Escritorio/TFG/virtual/lib/python3.10/site-packages/django/template/defaulttags.py first seen with mtime 1707939839.604186
File /home/marco/Escritorio/TFG/virtual/lib/python3.10/site-packages/django/contrib/auth/__init__.py first seen with mtime 1707939839.31204
File /home/marco/Escritorio/TFG/virtual/lib/python3.10/site-packages/django/utils/ipv6.py first seen with mtime 1707939839.61219
File /home/marco/Escritorio/TFG/virtual/lib/python3.10/site-packages/docker/models/containers.py first seen with mtime 1707846682.1115127
File /home/marco/Escritorio/TFG/virtual/lib/python3.10/site-packages/sqlparse/utils.py first seen with mtime 1707846643.5442379
File /home/marco/Escritorio/TFG/virtual/lib/python3.10/site-packages/django/db/models/aggregates.py first seen with mtime 1707939839.584176
File /home/marco/Escritorio/TFG/virtual/lib/python3.10/site-packages/django/core/checks/security/sessions.py first seen with mtime 1707939839.564166
File /usr/lib/python3.10/email/mime/text.py first seen with mtime 1700493245.0
File /home/marco/Escritorio/TFG/virtual/lib/python3.10/site-packages/urllib3/util/response.py first seen with mtime 1707846681.9234185
File /home/marco/Escritorio/TFG/virtual/lib/python3.10/site-packages/django/views/generic/dates.py first seen with mtime 1707939839.616192
File /home/marco/Escritorio/TFG/virtual/lib/python3.10/site-packages/packaging/__init__.py first seen with mtime 1707846681.9674406
File /usr/lib/python3.10/reprlib.py first seen with mtime 1700493245.0
File /usr/lib/python3.10/operator.py first seen with mtime 1700493245.0
File /home/marco/Escritorio/TFG/virtual/lib/python3.10/site-packages/docker/client.py first seen with mtime 1707846682.1075106
File /home/marco/Escritorio/TFG/virtual/lib/python3.10/site-packages/django/views/generic/list.py first seen with mtime 1707939839.616192
File /home/marco/Escritorio/TFG/virtual/lib/python3.10/site-packages/django/contrib/contenttypes/fields.py first seen with mtime 1707939839.348058
File /home/marco/Escritorio/TFG/virtual/lib/python3.10/site-packages/setuptools/_normalization.py first seen with mtime 1708273892.4353328
File /home/marco/Escritorio/TFG/virtual/lib/python3.10/site-packages/django/contrib/admin/checks.py first seen with mtime 1707939839.195982
File /home/marco/Escritorio/TFG/virtual/lib/python3.10/site-packages/setuptools/_distutils/command/install_egg_info.py first seen with mtime 1708273892.4473329
File /usr/lib/python3.10/encodings/utf_8.py first seen with mtime 1700493245.0
File /home/marco/Escritorio/TFG/virtual/lib/python3.10/site-packages/django/utils/connection.py first seen with mtime 1707939839.608188
File /home/marco/Escritorio/TFG/virtual/lib/python3.10/site-packages/django/core/handlers/base.py first seen with mtime 1707939839.568168
File /home/marco/Escritorio/TFG/virtual/lib/python3.10/site-packages/django/db/models/query.py first seen with mtime 1707939839.588178
File /home/marco/Escritorio/TFG/virtual/lib/python3.10/site-packages/django/views/defaults.py first seen with mtime 1707939839.616192
File /home/marco/Escritorio/TFG/virtual/lib/python3.10/site-packages/django/db/models/constants.py first seen with mtime 1707939839.584176
File /usr/lib/python3.10/importlib/resources.py first seen with mtime 1700493245.0
File /usr/lib/python3.10/pickle.py first seen with mtime 1700493245.0
File /home/marco/Escritorio/TFG/virtual/lib/python3.10/site-packages/asgiref/sync.py first seen with mtime 1707846643.5722518
File /usr/lib/python3.10/lib-dynload/_ssl.cpython-310-x86_64-linux-gnu.so first seen with mtime 1700493245.0
File /usr/lib/python3.10/html/__init__.py first seen with mtime 1700493245.0
File /home/marco/Escritorio/TFG/virtual/lib/python3.10/site-packages/django/core/signals.py first seen with mtime 1707939839.564166
File /home/marco/Escritorio/TFG/virtual/lib/python3.10/site-packages/django/core/files/storage/filesystem.py first seen with mtime 1707939839.568168
File /home/marco/Escritorio/TFG/virtual/lib/python3.10/site-packages/django/core/handlers/__init__.py first seen with mtime 1707939839.568168
File /home/marco/Escritorio/TFG/virtual/lib/python3.10/site-packages/docker/_version.py first seen with mtime 1707846682.1075106
File /usr/lib/python3.10/copyreg.py first seen with mtime 1700493245.0
File /home/marco/Escritorio/TFG/virtual/lib/python3.10/site-packages/docker/utils/config.py first seen with mtime 1707846682.1155145
File /home/marco/Escritorio/TFG/virtual/lib/python3.10/site-packages/docker/models/volumes.py first seen with mtime 1707846682.1155145
File /home/marco/Escritorio/TFG/virtual/lib/python3.10/site-packages/django/contrib/auth/decorators.py first seen with mtime 1707939839.316042
File /home/marco/Escritorio/TFG/virtual/lib/python3.10/site-packages/django/core/checks/security/base.py first seen with mtime 1707939839.564166
File /usr/lib/python3.10/sqlite3/__init__.py first seen with mtime 1700493245.0
File /home/marco/Escritorio/TFG/virtual/lib/python3.10/site-packages/urllib3/__init__.py first seen with mtime 1707846681.9194167
File /home/marco/Escritorio/TFG/virtual/lib/python3.10/site-packages/django/core/checks/security/__init__.py first seen with mtime 1707939839.564166
File /home/marco/Escritorio/TFG/virtual/lib/python3.10/site-packages/django/template/loaders/base.py first seen with mtime 1707939839.604186
File /home/marco/Escritorio/TFG/virtual/lib/python3.10/site-packages/django/db/__init__.py first seen with mtime 1707939839.57217
File /usr/lib/python3.10/_compression.py first seen with mtime 1700493245.0
File /home/marco/Escritorio/TFG/virtual/lib/python3.10/site-packages/setuptools/config/__init__.py first seen with mtime 1708273892.459333
File /home/marco/Escritorio/TFG/virtual/lib/python3.10/site-packages/setuptools/logging.py first seen with mtime 1708273892.439333
File /usr/lib/python3.10/contextvars.py first seen with mtime 1700493245.0
File /home/marco/Escritorio/TFG/virtual/lib/python3.10/site-packages/django/template/loader_tags.py first seen with mtime 1707939839.604186
File /usr/lib/python3.10/socketserver.py first seen with mtime 1700493245.0
File /home/marco/Escritorio/TFG/virtual/lib/python3.10/site-packages/django/http/request.py first seen with mtime 1707939839.600184
File /home/marco/Escritorio/TFG/virtual/lib/python3.10/site-packages/django/template/loaders/__init__.py first seen with mtime 1707939839.604186
File /usr/lib/python3.10/urllib/parse.py first seen with mtime 1700493245.0
File /home/marco/Escritorio/TFG/virtual/lib/python3.10/site-packages/django/conf/urls/__init__.py first seen with mtime 1707939839.195982
File /usr/lib/python3.10/dis.py first seen with mtime 1700493245.0
File /home/marco/Escritorio/TFG/virtual/lib/python3.10/site-packages/django/views/decorators/csrf.py first seen with mtime 1707939839.616192
File /home/marco/Escritorio/TFG/virtual/lib/python3.10/site-packages/docker/types/services.py first seen with mtime 1707846682.1155145
File /home/marco/Escritorio/TFG/virtual/lib/python3.10/site-packages/iptc/easy.py first seen with mtime 1708602436.542861
File /home/marco/Escritorio/TFG/virtual/lib/python3.10/site-packages/django/forms/models.py first seen with mtime 1707939839.59218
File /home/marco/Escritorio/TFG/virtual/lib/python3.10/site-packages/django/views/decorators/debug.py first seen with mtime 1707939839.616192
File /home/marco/Escritorio/TFG/virtual/lib/python3.10/site-packages/sqlparse/__init__.py first seen with mtime 1707846643.5442379
File /home/marco/Escritorio/TFG/virtual/lib/python3.10/site-packages/django/db/migrations/utils.py first seen with mtime 1707939839.584176
File /home/marco/Escritorio/TFG/virtual/lib/python3.10/site-packages/requests/adapters.py first seen with mtime 1707846682.0834987
File /usr/lib/python3.10/tarfile.py first seen with mtime 1700493245.0
File /home/marco/Escritorio/TFG/virtual/lib/python3.10/site-packages/django/core/cache/utils.py first seen with mtime 1707939839.564166
File /home/marco/Escritorio/TFG/virtual/lib/python3.10/site-packages/django/utils/html.py first seen with mtime 1707939839.61219
File /usr/lib/python3.10/threading.py first seen with mtime 1700493245.0
File /usr/lib/python3.10/selectors.py first seen with mtime 1700493245.0
File /home/marco/Escritorio/TFG/virtual/lib/python3.10/site-packages/iptc/version.py first seen with mtime 1708602436.542861
File /home/marco/Escritorio/TFG/virtual/lib/python3.10/site-packages/docker/context/config.py first seen with mtime 1707846682.1115127
File /home/marco/Escritorio/TFG/virtual/lib/python3.10/site-packages/django/contrib/auth/validators.py first seen with mtime 1707939839.316042
File /home/marco/Escritorio/TFG/virtual/lib/python3.10/site-packages/django/views/generic/base.py first seen with mtime 1707939839.616192
File /usr/lib/python3.10/email/header.py first seen with mtime 1700493245.0
File /home/marco/Escritorio/TFG/virtual/lib/python3.10/site-packages/django/core/files/images.py first seen with mtime 1707939839.564166
File /home/marco/Escritorio/TFG/virtual/lib/python3.10/site-packages/django/contrib/auth/forms.py first seen with mtime 1707939839.316042
File /usr/lib/python3.10/pathlib.py first seen with mtime 1700493245.0
File /home/marco/Escritorio/TFG/virtual/lib/python3.10/site-packages/django/views/generic/__init__.py first seen with mtime 1707939839.616192
File /home/marco/Escritorio/TFG/virtual/lib/python3.10/site-packages/django/views/__init__.py first seen with mtime 1707939839.616192
File /home/marco/Escritorio/TFG/virtual/lib/python3.10/site-packages/docker/api/exec_api.py first seen with mtime 1707846682.1115127
File /usr/lib/python3.10/importlib/metadata/_itertools.py first seen with mtime 1700493245.0
File /home/marco/Escritorio/TFG/virtual/lib/python3.10/site-packages/django/conf/__init__.py first seen with mtime 1707939839.127948
File /usr/lib/python3.10/asyncio/base_events.py first seen with mtime 1700493245.0
File /home/marco/Escritorio/TFG/virtual/lib/python3.10/site-packages/django/contrib/staticfiles/management/commands/runserver.py first seen with mtime 1707939839.560164
File /home/marco/Escritorio/TFG/virtual/lib/python3.10/site-packages/setuptools/_distutils/filelist.py first seen with mtime 1708273892.443333
File /home/marco/Escritorio/TFG/virtual/lib/python3.10/site-packages/django/utils/hashable.py first seen with mtime 1707939839.61219
File /home/marco/Escritorio/TFG/virtual/lib/python3.10/site-packages/docker/utils/build.py first seen with mtime 1707846682.1155145
File /usr/lib/python3.10/struct.py first seen with mtime 1700493245.0
File /home/marco/Escritorio/TFG/virtual/lib/python3.10/site-packages/setuptools/_distutils/spawn.py first seen with mtime 1708273892.443333
File /usr/lib/python3.10/gzip.py first seen with mtime 1700493245.0
File /home/marco/Escritorio/TFG/virtual/lib/python3.10/site-packages/django/db/models/deletion.py first seen with mtime 1707939839.584176
File /usr/lib/python3.10/lib-dynload/_decimal.cpython-310-x86_64-linux-gnu.so first seen with mtime 1700493245.0
File /home/marco/Escritorio/TFG/virtual/lib/python3.10/site-packages/django/utils/__init__.py first seen with mtime 1707939839.608188
File /home/marco/Escritorio/TFG/virtual/lib/python3.10/site-packages/django/utils/log.py first seen with mtime 1707939839.61219
File /home/marco/Escritorio/TFG/virtual/lib/python3.10/site-packages/urllib3/util/ssltransport.py first seen with mtime 1707846681.9234185
File /home/marco/Escritorio/TFG/virtual/lib/python3.10/site-packages/setuptools/__init__.py first seen with mtime 1708273892.4353328
File /usr/lib/python3.10/zoneinfo/_tzpath.py first seen with mtime 1700493245.0
File /home/marco/Escritorio/TFG/virtual/lib/python3.10/site-packages/django/db/backends/sqlite3/base.py first seen with mtime 1707939839.580174
File /home/marco/Escritorio/TFG/virtual/lib/python3.10/site-packages/sqlparse/keywords.py first seen with mtime 1707846643.5442379
File /home/marco/Escritorio/TFG/virtual/lib/python3.10/site-packages/requests/structures.py first seen with mtime 1707846682.0834987
File /home/marco/Escritorio/TFG/virtual/lib/python3.10/site-packages/django/contrib/sessions/base_session.py first seen with mtime 1707939839.51214
File /home/marco/Escritorio/TFG/virtual/lib/python3.10/site-packages/django/contrib/staticfiles/finders.py first seen with mtime 1707939839.560164
File /home/marco/Escritorio/TFG/virtual/lib/python3.10/site-packages/docker/models/resource.py first seen with mtime 1707846682.1115127
File /home/marco/Escritorio/TFG/virtual/lib/python3.10/site-packages/django/forms/fields.py first seen with mtime 1707939839.59218
File /usr/lib/python3.10/lib-dynload/_queue.cpython-310-x86_64-linux-gnu.so first seen with mtime 1700493245.0
File /home/marco/Escritorio/TFG/virtual/lib/python3.10/site-packages/django/db/backends/sqlite3/__init__.py first seen with mtime 1707939839.580174
File /home/marco/Escritorio/TFG/virtual/lib/python3.10/site-packages/django/contrib/admin/templatetags/admin_list.py first seen with mtime 1707939839.2840261
File /usr/lib/python3.10/email/generator.py first seen with mtime 1700493245.0
File /home/marco/Escritorio/TFG/virtual/lib/python3.10/site-packages/django/utils/encoding.py first seen with mtime 1707939839.61219
File /usr/lib/python3.10/lib-dynload/_lzma.cpython-310-x86_64-linux-gnu.so first seen with mtime 1700493245.0
File /home/marco/Escritorio/TFG/virtual/lib/python3.10/site-packages/django/db/models/constraints.py first seen with mtime 1707939839.584176
File /home/marco/Escritorio/TFG/virtual/lib/python3.10/site-packages/django/template/backends/django.py first seen with mtime 1707939839.604186
File /home/marco/Escritorio/TFG/virtual/lib/python3.10/site-packages/django/utils/numberformat.py first seen with mtime 1707939839.61219
File /usr/lib/python3.10/lib-dynload/_ctypes.cpython-310-x86_64-linux-gnu.so first seen with mtime 1700493245.0
File /home/marco/Escritorio/TFG/virtual/lib/python3.10/site-packages/django/contrib/auth/apps.py first seen with mtime 1707939839.31204
File /usr/lib/python3.10/asyncio/locks.py first seen with mtime 1700493245.0
File /home/marco/Escritorio/TFG/virtual/lib/python3.10/site-packages/django/forms/formsets.py first seen with mtime 1707939839.59218
File /home/marco/Escritorio/TFG/virtual/lib/python3.10/site-packages/idna/idnadata.py first seen with mtime 1707846681.9914527
File /home/marco/Escritorio/TFG/virtual/lib/python3.10/site-packages/django/db/migrations/__init__.py first seen with mtime 1707939839.580174
File /home/marco/Escritorio/TFG/virtual/lib/python3.10/site-packages/docker/api/plugin.py first seen with mtime 1707846682.1115127
File /home/marco/Escritorio/TFG/virtual/lib/python3.10/site-packages/django/utils/translation/reloader.py first seen with mtime 1707939839.61219
File /usr/lib/python3.10/inspect.py first seen with mtime 1700493245.0
File /home/marco/Escritorio/TFG/virtual/lib/python3.10/site-packages/urllib3/_request_methods.py first seen with mtime 1707846681.9194167
File /home/marco/Escritorio/TFG/virtual/lib/python3.10/site-packages/django/core/cache/__init__.py first seen with mtime 1707939839.564166
File /home/marco/Escritorio/TFG/virtual/lib/python3.10/site-packages/django/db/models/base.py first seen with mtime 1707939839.584176
File /usr/lib/python3.10/uuid.py first seen with mtime 1700493245.0
File /home/marco/Escritorio/TFG/virtual/lib/python3.10/site-packages/django/contrib/messages/middleware.py first seen with mtime 1707939839.468118
File /usr/lib/python3.10/linecache.py first seen with mtime 1700493245.0
File /home/marco/Escritorio/TFG/virtual/lib/python3.10/site-packages/setuptools/_vendor/packaging/_elffile.py first seen with mtime 1708273892.4513328
File /usr/lib/python3.10/email/parser.py first seen with mtime 1700493245.0
File /home/marco/Escritorio/TFG/virtual/lib/python3.10/site-packages/django/db/models/__init__.py first seen with mtime 1707939839.584176
File /usr/lib/python3.10/importlib/_abc.py first seen with mtime 1700493245.0
File /home/marco/Escritorio/TFG/virtual/lib/python3.10/site-packages/asgiref/local.py first seen with mtime 1707846643.5722518
File /usr/lib/python3.10/glob.py first seen with mtime 1700493245.0
File /home/marco/Escritorio/TFG/virtual/lib/python3.10/site-packages/django/core/management/__init__.py first seen with mtime 1707939839.568168
File /usr/lib/python3.10/concurrent/futures/_base.py first seen with mtime 1700493245.0
File /home/marco/Escritorio/TFG/virtual/lib/python3.10/site-packages/django/contrib/auth/views.py first seen with mtime 1707939839.316042
File /home/marco/Escritorio/TFG/virtual/lib/python3.10/site-packages/django/db/backends/base/base.py first seen with mtime 1707939839.576172
File /home/marco/Escritorio/TFG/virtual/lib/python3.10/site-packages/django/db/models/fields/json.py first seen with mtime 1707939839.588178
File /home/marco/Escritorio/TFG/virtual/lib/python3.10/site-packages/charset_normalizer/version.py first seen with mtime 1707846682.0554845
File /home/marco/Escritorio/TFG/virtual/lib/python3.10/site-packages/django/contrib/sites/__init__.py first seen with mtime 1707939839.5361521
File /home/marco/Escritorio/TFG/virtual/lib/python3.10/site-packages/django/utils/functional.py first seen with mtime 1707939839.61219
File /home/marco/Escritorio/TFG/virtual/lib/python3.10/site-packages/django/utils/dateformat.py first seen with mtime 1707939839.608188
File /home/marco/Escritorio/TFG/virtual/lib/python3.10/site-packages/django/db/models/functions/mixins.py first seen with mtime 1707939839.588178
File /home/marco/Escritorio/TFG/virtual/lib/python3.10/site-packages/django/db/backends/base/__init__.py first seen with mtime 1707939839.576172
File /usr/lib/python3.10/http/__init__.py first seen with mtime 1700493245.0
File /home/marco/Escritorio/TFG/virtual/lib/python3.10/site-packages/django/db/models/functions/comparison.py first seen with mtime 1707939839.588178
File /home/marco/Escritorio/TFG/virtual/lib/python3.10/site-packages/django/db/models/functions/window.py first seen with mtime 1707939839.588178
File /home/marco/Escritorio/TFG/virtual/lib/python3.10/site-packages/django/utils/termcolors.py first seen with mtime 1707939839.61219
File /home/marco/Escritorio/TFG/virtual/lib/python3.10/site-packages/sqlparse/tokens.py first seen with mtime 1707846643.5442379
File /usr/lib/python3.10/email/utils.py first seen with mtime 1700493245.0
File /home/marco/Escritorio/TFG/marpaga_tfg/personal/urls.py first seen with mtime 1708594048.9328606
File /home/marco/Escritorio/TFG/virtual/lib/python3.10/site-packages/django/contrib/admin/templatetags/admin_modify.py first seen with mtime 1707939839.2840261
File /home/marco/Escritorio/TFG/virtual/lib/python3.10/site-packages/setuptools/_imp.py first seen with mtime 1708273892.4353328
File /home/marco/Escritorio/TFG/marpaga_tfg/marpaga/__init__.py first seen with mtime 1707999020.2323697
File /home/marco/Escritorio/TFG/virtual/lib/python3.10/site-packages/docker/api/__init__.py first seen with mtime 1707846682.1075106
File /home/marco/Escritorio/TFG/virtual/lib/python3.10/site-packages/sqlparse/filters/__init__.py first seen with mtime 1707846643.5442379
File /usr/lib/python3.10/wsgiref/util.py first seen with mtime 1700493245.0
File /home/marco/Escritorio/TFG/virtual/lib/python3.10/site-packages/django/db/models/functions/__init__.py first seen with mtime 1707939839.588178
File /home/marco/Escritorio/TFG/marpaga_tfg/personal/admin.py first seen with mtime 1707999020.2323697
File /home/marco/Escritorio/TFG/virtual/lib/python3.10/site-packages/django/db/models/indexes.py first seen with mtime 1707939839.584176
File /home/marco/Escritorio/TFG/virtual/lib/python3.10/site-packages/django/utils/text.py first seen with mtime 1707939839.61219
File /home/marco/Escritorio/TFG/virtual/lib/python3.10/site-packages/django/contrib/staticfiles/handlers.py first seen with mtime 1707939839.560164
File /home/marco/Escritorio/TFG/virtual/lib/python3.10/site-packages/django/db/models/functions/math.py first seen with mtime 1707939839.588178
File /home/marco/Escritorio/TFG/virtual/lib/python3.10/site-packages/setuptools/_vendor/packaging/_parser.py first seen with mtime 1708273892.4513328
File /usr/lib/python3.10/lib-dynload/_json.cpython-310-x86_64-linux-gnu.so first seen with mtime 1700493245.0
File /home/marco/Escritorio/TFG/marpaga_tfg/marpaga/settings.py first seen with mtime 1708709835.114835
File /home/marco/Escritorio/TFG/marpaga_tfg/gestion/__init__.py first seen with mtime 1707999020.2163692
File /usr/lib/python3.10/importlib/metadata/_meta.py first seen with mtime 1700493245.0
File /home/marco/Escritorio/TFG/virtual/lib/python3.10/site-packages/django/core/checks/files.py first seen with mtime 1707939839.564166
File /usr/lib/python3.10/lib-dynload/_uuid.cpython-310-x86_64-linux-gnu.so first seen with mtime 1700493245.0
File /home/marco/Escritorio/TFG/virtual/lib/python3.10/site-packages/django/core/files/storage/handler.py first seen with mtime 1707939839.568168
File /home/marco/Escritorio/TFG/virtual/lib/python3.10/site-packages/django/utils/formats.py first seen with mtime 1707939839.61219
File /usr/lib/python3.10/asyncio/sslproto.py first seen with mtime 1700493245.0
File /usr/lib/python3.10/zoneinfo/_common.py first seen with mtime 1700493245.0
File /home/marco/Escritorio/TFG/virtual/lib/python3.10/site-packages/django/db/models/enums.py first seen with mtime 1707939839.584176
File /home/marco/Escritorio/TFG/virtual/lib/python3.10/site-packages/django/core/validators.py first seen with mtime 1707939839.564166
File /usr/lib/python3.10/lib-dynload/_sqlite3.cpython-310-x86_64-linux-gnu.so first seen with mtime 1700493245.0
File /home/marco/Escritorio/TFG/virtual/lib/python3.10/site-packages/django/db/models/sql/datastructures.py first seen with mtime 1707939839.588178
File /home/marco/Escritorio/TFG/virtual/lib/python3.10/site-packages/docker/context/__init__.py first seen with mtime 1707846682.1115127
File /usr/lib/python3.10/encodings/idna.py first seen with mtime 1700493245.0
File /home/marco/Escritorio/TFG/virtual/lib/python3.10/site-packages/setuptools/_distutils/core.py first seen with mtime 1708273892.439333
File /home/marco/Escritorio/TFG/marpaga_tfg/gestion/functions.py first seen with mtime 1708346974.8010564
File /usr/lib/python3.10/importlib/__init__.py first seen with mtime 1700493245.0
File /home/marco/Escritorio/TFG/virtual/lib/python3.10/site-packages/django/core/files/locks.py first seen with mtime 1707939839.564166
File /home/marco/Escritorio/TFG/virtual/lib/python3.10/site-packages/django/contrib/sessions/models.py first seen with mtime 1707939839.51214
File /usr/lib/python3.10/_sysconfigdata__x86_64-linux-gnu.py first seen with mtime 1700493245.0
File /home/marco/Escritorio/TFG/virtual/lib/python3.10/site-packages/django/core/files/storage/memory.py first seen with mtime 1707939839.568168
File /home/marco/Escritorio/TFG/virtual/lib/python3.10/site-packages/django/core/management/color.py first seen with mtime 1707939839.568168
File /usr/lib/python3.10/email/iterators.py first seen with mtime 1700493245.0
File /home/marco/Escritorio/TFG/virtual/lib/python3.10/site-packages/django/db/backends/sqlite3/features.py first seen with mtime 1707939839.580174
File /usr/lib/python3.10/email/headerregistry.py first seen with mtime 1700493245.0
File /home/marco/Escritorio/TFG/virtual/lib/python3.10/site-packages/docker/api/container.py first seen with mtime 1707846682.1115127
File /usr/lib/python3.10/queue.py first seen with mtime 1700493245.0
File /usr/lib/python3.10/secrets.py first seen with mtime 1700493245.0
File /home/marco/Escritorio/TFG/virtual/lib/python3.10/site-packages/django/views/decorators/cache.py first seen with mtime 1707939839.616192
File /home/marco/Escritorio/TFG/virtual/lib/python3.10/site-packages/docker/api/swarm.py first seen with mtime 1707846682.1115127
File /home/marco/Escritorio/TFG/virtual/lib/python3.10/site-packages/django/contrib/staticfiles/utils.py first seen with mtime 1707939839.560164
File /home/marco/Escritorio/TFG/virtual/lib/python3.10/site-packages/django/db/backends/sqlite3/_functions.py first seen with mtime 1707939839.580174
File /home/marco/Escritorio/TFG/virtual/lib/python3.10/site-packages/setuptools/errors.py first seen with mtime 1708273892.4353328
File /home/marco/Escritorio/TFG/virtual/lib/python3.10/site-packages/django/utils/translation/__init__.py first seen with mtime 1707939839.61219
File /home/marco/Escritorio/TFG/virtual/lib/python3.10/site-packages/django/template/loaders/app_directories.py first seen with mtime 1707939839.604186
File /home/marco/Escritorio/TFG/virtual/lib/python3.10/site-packages/setuptools/_vendor/packaging/utils.py first seen with mtime 1708273892.455333
File /home/marco/Escritorio/TFG/marpaga_tfg/manage.py first seen with mtime 1707999020.2323697
File /home/marco/Escritorio/TFG/virtual/lib/python3.10/site-packages/setuptools/_vendor/packaging/tags.py first seen with mtime 1708273892.455333
File /home/marco/Escritorio/TFG/virtual/lib/python3.10/site-packages/django/utils/safestring.py first seen with mtime 1707939839.61219
File /home/marco/Escritorio/TFG/virtual/lib/python3.10/site-packages/urllib3/_version.py first seen with mtime 1707846681.9194167
File /home/marco/Escritorio/TFG/virtual/lib/python3.10/site-packages/requests/api.py first seen with mtime 1707846682.0834987
File /home/marco/Escritorio/TFG/virtual/lib/python3.10/site-packages/django/db/models/functions/text.py first seen with mtime 1707939839.588178
File /home/marco/Escritorio/TFG/virtual/lib/python3.10/site-packages/django/contrib/messages/apps.py first seen with mtime 1707939839.468118
File /usr/lib/python3.10/zipfile.py first seen with mtime 1700493245.0
File /home/marco/Escritorio/TFG/virtual/lib/python3.10/site-packages/django/contrib/auth/backends.py first seen with mtime 1707939839.31204
File /usr/lib/python3.10/difflib.py first seen with mtime 1700493245.0
File /home/marco/Escritorio/TFG/virtual/lib/python3.10/site-packages/django/template/autoreload.py first seen with mtime 1707939839.604186
File /home/marco/Escritorio/TFG/virtual/lib/python3.10/site-packages/django/db/backends/base/features.py first seen with mtime 1707939839.576172
File /usr/lib/python3.10/asyncio/transports.py first seen with mtime 1700493245.0
File /home/marco/Escritorio/TFG/virtual/lib/python3.10/site-packages/setuptools/_vendor/packaging/markers.py first seen with mtime 1708273892.455333
File /home/marco/Escritorio/TFG/virtual/lib/python3.10/site-packages/sqlparse/engine/__init__.py first seen with mtime 1707846643.5442379
File /usr/lib/python3.10/asyncio/staggered.py first seen with mtime 1700493245.0
File /home/marco/Escritorio/TFG/virtual/lib/python3.10/site-packages/requests/exceptions.py first seen with mtime 1707846682.0834987
File /home/marco/Escritorio/TFG/virtual/lib/python3.10/site-packages/django/contrib/admin/models.py first seen with mtime 1707939839.195982
File /home/marco/Escritorio/TFG/virtual/lib/python3.10/site-packages/requests/compat.py first seen with mtime 1707846682.0834987
File /home/marco/Escritorio/TFG/virtual/lib/python3.10/site-packages/sqlparse/filters/tokens.py first seen with mtime 1707846643.5442379
File /home/marco/Escritorio/TFG/virtual/lib/python3.10/site-packages/django/core/mail/utils.py first seen with mtime 1707939839.568168
File /usr/lib/python3.10/quopri.py first seen with mtime 1700493245.0
File /usr/lib/python3.10/lib-dynload/_contextvars.cpython-310-x86_64-linux-gnu.so first seen with mtime 1700493245.0
File /home/marco/Escritorio/TFG/virtual/lib/python3.10/site-packages/django/core/serializers/base.py first seen with mtime 1707939839.57217
File /usr/lib/python3.10/gettext.py first seen with mtime 1700493245.0
File /home/marco/Escritorio/TFG/virtual/lib/python3.10/site-packages/django/contrib/admin/actions.py first seen with mtime 1707939839.195982
File /home/marco/Escritorio/TFG/virtual/lib/python3.10/site-packages/django/core/handlers/exception.py first seen with mtime 1707939839.568168
File /home/marco/Escritorio/TFG/virtual/lib/python3.10/site-packages/setuptools/_vendor/more_itertools/recipes.py first seen with mtime 1708273892.4513328
File /home/marco/Escritorio/TFG/virtual/lib/python3.10/site-packages/django/conf/urls/static.py first seen with mtime 1707939839.195982
File /home/marco/Escritorio/TFG/virtual/lib/python3.10/site-packages/django/core/signing.py first seen with mtime 1707939839.564166
File /home/marco/Escritorio/TFG/marpaga_tfg/gestion/forms.py first seen with mtime 1707999020.2163692
File /home/marco/Escritorio/TFG/virtual/lib/python3.10/site-packages/django/core/serializers/__init__.py first seen with mtime 1707939839.57217
File /home/marco/Escritorio/TFG/virtual/lib/python3.10/site-packages/_distutils_hack/__init__.py first seen with mtime 1708273892.423333
File /home/marco/Escritorio/TFG/virtual/lib/python3.10/site-packages/charset_normalizer/md.cpython-310-x86_64-linux-gnu.so first seen with mtime 1707846682.0514827
File /usr/lib/python3.10/sysconfig.py first seen with mtime 1700493245.0
File /home/marco/Escritorio/TFG/virtual/lib/python3.10/site-packages/charset_normalizer/__init__.py first seen with mtime 1707846682.0554845
File /home/marco/Escritorio/TFG/virtual/lib/python3.10/site-packages/docker/models/plugins.py first seen with mtime 1707846682.1115127
File /usr/lib/python3.10/email/charset.py first seen with mtime 1700493245.0
File /usr/lib/python3.10/enum.py first seen with mtime 1700493245.0
File /home/marco/Escritorio/TFG/virtual/lib/python3.10/site-packages/setuptools/_distutils/sysconfig.py first seen with mtime 1708273892.443333
File /home/marco/Escritorio/TFG/virtual/lib/python3.10/site-packages/django/contrib/staticfiles/__init__.py first seen with mtime 1707939839.560164
File /usr/lib/python3.10/email/base64mime.py first seen with mtime 1700493245.0
File /home/marco/Escritorio/TFG/virtual/lib/python3.10/site-packages/docker/models/__init__.py first seen with mtime 1707846682.1115127
File /home/marco/Escritorio/TFG/virtual/lib/python3.10/site-packages/requests/_internal_utils.py first seen with mtime 1707846682.0834987
File /home/marco/Escritorio/TFG/virtual/lib/python3.10/site-packages/django/template/backends/base.py first seen with mtime 1707939839.604186
File /home/marco/Escritorio/TFG/virtual/lib/python3.10/site-packages/sqlparse/engine/filter_stack.py first seen with mtime 1707846643.5442379
File /home/marco/Escritorio/TFG/virtual/lib/python3.10/site-packages/django/urls/converters.py first seen with mtime 1707939839.608188
File /home/marco/Escritorio/TFG/virtual/lib/python3.10/site-packages/django/contrib/contenttypes/__init__.py first seen with mtime 1707939839.348058
File /home/marco/Escritorio/TFG/virtual/lib/python3.10/site-packages/django/utils/timesince.py first seen with mtime 1707939839.61219
File /home/marco/Escritorio/TFG/virtual/lib/python3.10/site-packages/setuptools/_core_metadata.py first seen with mtime 1708273892.4353328
File /usr/lib/python3.10/graphlib.py first seen with mtime 1700493245.0
File /home/marco/Escritorio/TFG/virtual/lib/python3.10/site-packages/setuptools/_distutils/py39compat.py first seen with mtime 1708273892.443333
File /home/marco/Escritorio/TFG/virtual/lib/python3.10/site-packages/django/template/backends/__init__.py first seen with mtime 1707939839.604186
File /home/marco/Escritorio/TFG/virtual/lib/python3.10/site-packages/django/template/loaders/filesystem.py first seen with mtime 1707939839.604186
File /home/marco/Escritorio/TFG/virtual/lib/python3.10/site-packages/django/utils/asyncio.py first seen with mtime 1707939839.608188
File /home/marco/Escritorio/TFG/virtual/lib/python3.10/site-packages/django/db/migrations/operations/models.py first seen with mtime 1707939839.584176
File /home/marco/Escritorio/TFG/virtual/lib/python3.10/site-packages/django/db/migrations/exceptions.py first seen with mtime 1707939839.580174
File /home/marco/Escritorio/TFG/virtual/lib/python3.10/site-packages/django/utils/dates.py first seen with mtime 1707939839.61219
File /home/marco/Escritorio/TFG/virtual/lib/python3.10/site-packages/django/contrib/admin/views/main.py first seen with mtime 1707939839.288028
File /home/marco/Escritorio/TFG/virtual/lib/python3.10/site-packages/django_extensions/__init__.py first seen with mtime 1707846666.7518363
File /home/marco/Escritorio/TFG/virtual/lib/python3.10/site-packages/requests/packages.py first seen with mtime 1707846682.0834987
File /home/marco/Escritorio/TFG/virtual/lib/python3.10/site-packages/setuptools/_distutils/errors.py first seen with mtime 1708273892.443333
File /home/marco/Escritorio/TFG/virtual/lib/python3.10/site-packages/charset_normalizer/md__mypyc.cpython-310-x86_64-linux-gnu.so first seen with mtime 1707846682.0514827
File /usr/lib/python3.10/fnmatch.py first seen with mtime 1700493245.0
File /usr/lib/python3.10/opcode.py first seen with mtime 1700493245.0
File /home/marco/Escritorio/TFG/virtual/lib/python3.10/site-packages/django/contrib/auth/checks.py first seen with mtime 1707939839.31204
File /home/marco/Escritorio/TFG/virtual/lib/python3.10/site-packages/docker/utils/socket.py first seen with mtime 1707846682.1155145
File /home/marco/Escritorio/TFG/virtual/lib/python3.10/site-packages/django/contrib/auth/middleware.py first seen with mtime 1707939839.316042
File /home/marco/Escritorio/TFG/virtual/lib/python3.10/site-packages/django/views/static.py first seen with mtime 1707939839.616192
File /home/marco/Escritorio/TFG/virtual/lib/python3.10/site-packages/docker/credentials/constants.py first seen with mtime 1707846682.1115127
File /home/marco/Escritorio/TFG/virtual/lib/python3.10/site-packages/requests/auth.py first seen with mtime 1707846682.0834987
File /home/marco/Escritorio/TFG/virtual/lib/python3.10/site-packages/requests/utils.py first seen with mtime 1707846682.0834987
File /home/marco/Escritorio/TFG/virtual/lib/python3.10/site-packages/docker/version.py first seen with mtime 1707846682.1075106
File /usr/lib/python3.10/multiprocessing/reduction.py first seen with mtime 1700493245.0
File /home/marco/Escritorio/TFG/virtual/lib/python3.10/site-packages/sqlparse/filters/others.py first seen with mtime 1707846643.5442379
File /home/marco/Escritorio/TFG/virtual/lib/python3.10/site-packages/docker/utils/json_stream.py first seen with mtime 1707846682.1155145
File /home/marco/Escritorio/TFG/virtual/lib/python3.10/site-packages/django/utils/itercompat.py first seen with mtime 1707939839.61219
File /home/marco/Escritorio/TFG/marpaga_tfg/gestion/apps.py first seen with mtime 1707999020.2163692
File /usr/lib/python3.10/string.py first seen with mtime 1700493245.0
File /home/marco/Escritorio/TFG/virtual/lib/python3.10/site-packages/django/core/checks/translation.py first seen with mtime 1707939839.564166
File /usr/lib/python3.10/email/encoders.py first seen with mtime 1700493245.0
File /usr/lib/python3.10/ctypes/_endian.py first seen with mtime 1700493245.0
File /usr/lib/python3.10/asyncio/protocols.py first seen with mtime 1700493245.0
File /home/marco/Escritorio/TFG/virtual/lib/python3.10/site-packages/django/shortcuts.py first seen with mtime 1707939839.127948
File /home/marco/Escritorio/TFG/virtual/lib/python3.10/site-packages/django/conf/locale/__init__.py first seen with mtime 1707939839.1319501
File /home/marco/Escritorio/TFG/virtual/lib/python3.10/site-packages/idna/package_data.py first seen with mtime 1707846681.9914527
File /home/marco/Escritorio/TFG/virtual/lib/python3.10/site-packages/requests/cookies.py first seen with mtime 1707846682.0834987
File /home/marco/Escritorio/TFG/virtual/lib/python3.10/site-packages/setuptools/config/_apply_pyprojecttoml.py first seen with mtime 1708273892.459333
File /home/marco/Escritorio/TFG/virtual/lib/python3.10/site-packages/django/db/models/fields/related.py first seen with mtime 1707939839.588178
File /home/marco/Escritorio/TFG/virtual/lib/python3.10/site-packages/django/core/mail/__init__.py first seen with mtime 1707939839.568168
File /home/marco/Escritorio/TFG/virtual/lib/python3.10/site-packages/django/core/checks/templates.py first seen with mtime 1707939839.564166
File /home/marco/Escritorio/TFG/virtual/lib/python3.10/site-packages/docker/credentials/store.py first seen with mtime 1707846682.1115127
File /home/marco/Escritorio/TFG/virtual/lib/python3.10/site-packages/requests/sessions.py first seen with mtime 1707846682.0834987
File /home/marco/Escritorio/TFG/marpaga_tfg/gestion/views.py first seen with mtime 1708607547.1792607
File /usr/lib/python3.10/shutil.py first seen with mtime 1700493245.0
File /usr/lib/python3.10/ipaddress.py first seen with mtime 1700493245.0
File /home/marco/Escritorio/TFG/virtual/lib/python3.10/site-packages/docker/models/swarm.py first seen with mtime 1707846682.1155145
File /home/marco/Escritorio/TFG/virtual/lib/python3.10/site-packages/django/core/files/temp.py first seen with mtime 1707939839.564166
File /home/marco/Escritorio/TFG/virtual/lib/python3.10/site-packages/docker/context/api.py first seen with mtime 1707846682.1115127
File /usr/lib/python3.10/asyncio/selector_events.py first seen with mtime 1700493245.0
File /home/marco/Escritorio/TFG/virtual/lib/python3.10/site-packages/django/utils/inspect.py first seen with mtime 1707939839.61219
File /home/marco/Escritorio/TFG/virtual/lib/python3.10/site-packages/django/template/exceptions.py first seen with mtime 1707939839.604186
File /home/marco/Escritorio/TFG/virtual/lib/python3.10/site-packages/django/contrib/auth/base_user.py first seen with mtime 1707939839.31204
File /home/marco/Escritorio/TFG/virtual/lib/python3.10/site-packages/django/core/checks/registry.py first seen with mtime 1707939839.564166
File /usr/lib/python3.10/heapq.py first seen with mtime 1700493245.0
File /usr/lib/python3.10/email/contentmanager.py first seen with mtime 1700493245.0
File /home/marco/Escritorio/TFG/virtual/lib/python3.10/site-packages/docker/utils/proxy.py first seen with mtime 1707846682.1155145
File /home/marco/Escritorio/TFG/virtual/lib/python3.10/site-packages/django/db/models/signals.py first seen with mtime 1707939839.588178
File /usr/lib/python3.10/email/errors.py first seen with mtime 1700493245.0
File /usr/lib/python3.10/tokenize.py first seen with mtime 1700493245.0
File /home/marco/Escritorio/TFG/virtual/lib/python3.10/site-packages/setuptools/extern/__init__.py first seen with mtime 1708273892.463333
File /home/marco/Escritorio/TFG/virtual/lib/python3.10/site-packages/docker/transport/unixconn.py first seen with mtime 1707846682.1155145
File /home/marco/Escritorio/TFG/virtual/lib/python3.10/site-packages/django/utils/choices.py first seen with mtime 1707939839.608188
File /usr/lib/python3.10/codecs.py first seen with mtime 1700493245.0
File /home/marco/Escritorio/TFG/virtual/lib/python3.10/site-packages/urllib3/util/__init__.py first seen with mtime 1707846681.9234185
File /usr/lib/python3.10/base64.py first seen with mtime 1700493245.0
File /home/marco/Escritorio/TFG/virtual/lib/python3.10/site-packages/django/db/migrations/operations/fields.py first seen with mtime 1707939839.584176
File /home/marco/Escritorio/TFG/virtual/lib/python3.10/site-packages/sqlparse/sql.py first seen with mtime 1707846643.5442379
File /home/marco/Escritorio/TFG/virtual/lib/python3.10/site-packages/django/templatetags/tz.py first seen with mtime 1707939839.608188
File /home/marco/Escritorio/TFG/virtual/lib/python3.10/site-packages/django/db/models/utils.py first seen with mtime 1707939839.588178
File /home/marco/Escritorio/TFG/virtual/lib/python3.10/site-packages/urllib3/util/retry.py first seen with mtime 1707846681.9234185
File /home/marco/Escritorio/TFG/virtual/lib/python3.10/site-packages/docker/utils/utils.py first seen with mtime 1707846682.1155145
File /usr/lib/python3.10/functools.py first seen with mtime 1700493245.0
File /home/marco/Escritorio/TFG/virtual/lib/python3.10/site-packages/setuptools/_distutils/dist.py first seen with mtime 1708273892.443333
File /home/marco/Escritorio/TFG/virtual/lib/python3.10/site-packages/django/contrib/sessions/backends/base.py first seen with mtime 1707939839.51214
File /home/marco/Escritorio/TFG/virtual/lib/python3.10/site-packages/django/template/library.py first seen with mtime 1707939839.604186
File /usr/lib/python3.10/json/scanner.py first seen with mtime 1700493245.0
File /home/marco/Escritorio/TFG/virtual/lib/python3.10/site-packages/docker/credentials/utils.py first seen with mtime 1707846682.1115127
File /usr/lib/python3.10/ntpath.py first seen with mtime 1700493245.0
File /home/marco/Escritorio/TFG/virtual/lib/python3.10/site-packages/django/contrib/sessions/backends/__init__.py first seen with mtime 1707939839.51214
File /home/marco/Escritorio/TFG/virtual/lib/python3.10/site-packages/django/core/serializers/python.py first seen with mtime 1707939839.57217
File /home/marco/Escritorio/TFG/virtual/lib/python3.10/site-packages/docker/types/containers.py first seen with mtime 1707846682.1155145
File /home/marco/Escritorio/TFG/virtual/lib/python3.10/site-packages/docker/types/base.py first seen with mtime 1707846682.1155145
File /home/marco/Escritorio/TFG/virtual/lib/python3.10/site-packages/django/core/checks/__init__.py first seen with mtime 1707939839.564166
File /home/marco/Escritorio/TFG/virtual/lib/python3.10/site-packages/django/db/models/fields/generated.py first seen with mtime 1707939839.588178
File /home/marco/Escritorio/TFG/virtual/lib/python3.10/site-packages/requests/__init__.py first seen with mtime 1707846682.0834987
File /home/marco/Escritorio/TFG/virtual/lib/python3.10/site-packages/django/contrib/contenttypes/forms.py first seen with mtime 1707939839.348058
File /usr/lib/python3.10/decimal.py first seen with mtime 1700493245.0
File /usr/lib/python3.10/calendar.py first seen with mtime 1700493245.0
File /home/marco/Escritorio/TFG/virtual/lib/python3.10/site-packages/urllib3/util/ssl_.py first seen with mtime 1707846681.9234185
File /home/marco/Escritorio/TFG/virtual/lib/python3.10/site-packages/django/contrib/admin/templatetags/base.py first seen with mtime 1707939839.2840261
File /home/marco/Escritorio/TFG/virtual/lib/python3.10/site-packages/django/db/models/query_utils.py first seen with mtime 1707939839.588178
File /home/marco/Escritorio/TFG/virtual/lib/python3.10/site-packages/django/db/models/manager.py first seen with mtime 1707939839.584176
File /home/marco/Escritorio/TFG/virtual/lib/python3.10/site-packages/docker/models/images.py first seen with mtime 1707846682.1115127
File /home/marco/Escritorio/TFG/virtual/lib/python3.10/site-packages/django/template/response.py first seen with mtime 1707939839.604186
File /home/marco/Escritorio/TFG/virtual/lib/python3.10/site-packages/django/template/utils.py first seen with mtime 1707939839.604186
File /usr/lib/python3.10/http/cookies.py first seen with mtime 1700493245.0
File /usr/lib/python3.10/importlib/abc.py first seen with mtime 1700493245.0
File /home/marco/Escritorio/TFG/virtual/lib/python3.10/site-packages/django/contrib/admin/templatetags/__init__.py first seen with mtime 1707939839.2840261
File /home/marco/Escritorio/TFG/virtual/lib/python3.10/site-packages/django/contrib/admin/templatetags/log.py first seen with mtime 1707939839.2840261
File /home/marco/Escritorio/TFG/virtual/lib/python3.10/site-packages/setuptools/_itertools.py first seen with mtime 1708273892.4353328
File /home/marco/Escritorio/TFG/virtual/lib/python3.10/site-packages/_distutils_hack/override.py first seen with mtime 1708273892.423333
File /home/marco/Escritorio/TFG/virtual/lib/python3.10/site-packages/django/core/checks/model_checks.py first seen with mtime 1707939839.564166
File /home/marco/Escritorio/TFG/virtual/lib/python3.10/site-packages/django/db/backends/utils.py first seen with mtime 1707939839.576172
File /home/marco/Escritorio/TFG/virtual/lib/python3.10/site-packages/setuptools/_vendor/__init__.py first seen with mtime 1708273892.4473329
File /usr/lib/python3.10/tempfile.py first seen with mtime 1700493245.0
File /home/marco/Escritorio/TFG/virtual/lib/python3.10/site-packages/django/core/handlers/asgi.py first seen with mtime 1707939839.568168
File /home/marco/Escritorio/TFG/virtual/lib/python3.10/site-packages/sqlparse/filters/right_margin.py first seen with mtime 1707846643.5442379
File /home/marco/Escritorio/TFG/virtual/lib/python3.10/site-packages/setuptools/depends.py first seen with mtime 1708273892.4353328
File /home/marco/Escritorio/TFG/virtual/lib/python3.10/site-packages/django/db/backends/ddl_references.py first seen with mtime 1707939839.576172
File /home/marco/Escritorio/TFG/virtual/lib/python3.10/site-packages/django/db/migrations/migration.py first seen with mtime 1707939839.584176
File /home/marco/Escritorio/TFG/virtual/lib/python3.10/site-packages/setuptools/_vendor/more_itertools/more.py first seen with mtime 1708273892.4513328
File /home/marco/Escritorio/TFG/virtual/lib/python3.10/site-packages/urllib3/util/request.py first seen with mtime 1707846681.9234185
File /usr/lib/python3.10/wsgiref/handlers.py first seen with mtime 1700493245.0
File /home/marco/Escritorio/TFG/virtual/lib/python3.10/site-packages/django/db/models/sql/query.py first seen with mtime 1707939839.59218
File /usr/lib/python3.10/email/mime/message.py first seen with mtime 1700493245.0
File /usr/lib/python3.10/contextlib.py first seen with mtime 1700493245.0
File /home/marco/Escritorio/TFG/virtual/lib/python3.10/site-packages/django/core/wsgi.py first seen with mtime 1707939839.564166
File /usr/lib/python3.10/importlib/metadata/__init__.py first seen with mtime 1700493245.0
File /home/marco/Escritorio/TFG/virtual/lib/python3.10/site-packages/asgiref/current_thread_executor.py first seen with mtime 1707846643.5722518
File /home/marco/Escritorio/TFG/virtual/lib/python3.10/site-packages/urllib3/filepost.py first seen with mtime 1707846681.9194167
File /home/marco/Escritorio/TFG/virtual/lib/python3.10/site-packages/django/contrib/auth/admin.py first seen with mtime 1707939839.31204
File /usr/lib/python3.10/weakref.py first seen with mtime 1700493245.0
File /home/marco/Escritorio/TFG/virtual/lib/python3.10/site-packages/setuptools/command/__init__.py first seen with mtime 1708273892.455333
File /usr/lib/python3.10/lzma.py first seen with mtime 1700493245.0
File /usr/lib/python3.10/multiprocessing/__init__.py first seen with mtime 1700493245.0
File /home/marco/Escritorio/TFG/virtual/lib/python3.10/site-packages/django/db/models/sql/where.py first seen with mtime 1707939839.59218
File /home/marco/Escritorio/TFG/virtual/lib/python3.10/site-packages/django/utils/deprecation.py first seen with mtime 1707939839.61219
File /home/marco/Escritorio/TFG/virtual/lib/python3.10/site-packages/django/contrib/sessions/exceptions.py first seen with mtime 1707939839.51214
File /home/marco/Escritorio/TFG/virtual/lib/python3.10/site-packages/django/utils/decorators.py first seen with mtime 1707939839.61219
File /home/marco/Escritorio/TFG/virtual/lib/python3.10/site-packages/django/apps/config.py first seen with mtime 1707939839.127948
File /home/marco/Escritorio/TFG/virtual/lib/python3.10/site-packages/charset_normalizer/api.py first seen with mtime 1707846682.0554845
File /home/marco/Escritorio/TFG/virtual/lib/python3.10/site-packages/urllib3/util/ssl_match_hostname.py first seen with mtime 1707846681.9234185
File /usr/lib/python3.10/email/message.py first seen with mtime 1700493245.0
File /home/marco/Escritorio/TFG/virtual/lib/python3.10/site-packages/docker/utils/__init__.py first seen with mtime 1707846682.1155145
File /home/marco/Escritorio/TFG/virtual/lib/python3.10/site-packages/docker/credentials/__init__.py first seen with mtime 1707846682.1115127
File /home/marco/Escritorio/TFG/virtual/lib/python3.10/site-packages/requests/status_codes.py first seen with mtime 1707846682.0834987
File /home/marco/Escritorio/TFG/virtual/lib/python3.10/site-packages/django/contrib/auth/password_validation.py first seen with mtime 1707939839.316042
File /home/marco/Escritorio/TFG/virtual/lib/python3.10/site-packages/django/db/models/expressions.py first seen with mtime 1707939839.584176
File /usr/lib/python3.10/sre_parse.py first seen with mtime 1700493245.0
File /usr/lib/python3.10/bisect.py first seen with mtime 1700493245.0
File /usr/lib/python3.10/html/entities.py first seen with mtime 1700493245.0
File /home/marco/Escritorio/TFG/virtual/lib/python3.10/site-packages/django/db/models/options.py first seen with mtime 1707939839.584176
File /home/marco/Escritorio/TFG/virtual/lib/python3.10/site-packages/django/core/files/uploadedfile.py first seen with mtime 1707939839.568168
File /home/marco/Escritorio/TFG/virtual/lib/python3.10/site-packages/django/http/cookie.py first seen with mtime 1707939839.600184
File /home/marco/Escritorio/TFG/virtual/lib/python3.10/site-packages/setuptools/msvc.py first seen with mtime 1708273892.439333
File /home/marco/Escritorio/TFG/virtual/lib/python3.10/site-packages/setuptools/_distutils/command/install.py first seen with mtime 1708273892.4473329
File /usr/lib/python3.10/asyncio/base_futures.py first seen with mtime 1700493245.0
File /home/marco/Escritorio/TFG/virtual/lib/python3.10/site-packages/django/contrib/auth/management/__init__.py first seen with mtime 1707939839.3440561
File /home/marco/Escritorio/TFG/virtual/lib/python3.10/site-packages/setuptools/_vendor/packaging/specifiers.py first seen with mtime 1708273892.455333
File /home/marco/Escritorio/TFG/virtual/lib/python3.10/site-packages/setuptools/_distutils/util.py first seen with mtime 1708273892.443333
File /home/marco/Escritorio/TFG/virtual/lib/python3.10/site-packages/django/contrib/admin/sites.py first seen with mtime 1707939839.195982
File /home/marco/Escritorio/TFG/virtual/lib/python3.10/site-packages/django/core/checks/compatibility/__init__.py first seen with mtime 1707939839.564166
File /home/marco/Escritorio/TFG/virtual/lib/python3.10/site-packages/setuptools/_distutils/command/_framework_compat.py first seen with mtime 1708273892.443333
File /home/marco/Escritorio/TFG/virtual/lib/python3.10/site-packages/django/template/base.py first seen with mtime 1707939839.604186
File /home/marco/Escritorio/TFG/virtual/lib/python3.10/site-packages/django/forms/boundfield.py first seen with mtime 1707939839.59218
File /home/marco/Escritorio/TFG/virtual/lib/python3.10/site-packages/django/template/__init__.py first seen with mtime 1707939839.604186
File /home/marco/Escritorio/TFG/virtual/lib/python3.10/site-packages/django/views/decorators/__init__.py first seen with mtime 1707939839.616192
File /home/marco/Escritorio/TFG/virtual/lib/python3.10/site-packages/setuptools/config/setupcfg.py first seen with mtime 1708273892.459333
File /home/marco/Escritorio/TFG/virtual/lib/python3.10/site-packages/charset_normalizer/constant.py first seen with mtime 1707846682.0514827
File /home/marco/Escritorio/TFG/virtual/lib/python3.10/site-packages/charset_normalizer/cd.py first seen with mtime 1707846682.0554845
File /home/marco/Escritorio/TFG/virtual/lib/python3.10/site-packages/setuptools/_distutils/_functools.py first seen with mtime 1708273892.439333
File /usr/lib/python3.10/multiprocessing/process.py first seen with mtime 1700493245.0
File /home/marco/Escritorio/TFG/virtual/lib/python3.10/site-packages/docker/utils/decorators.py first seen with mtime 1707846682.1155145
File /usr/lib/python3.10/importlib/_adapters.py first seen with mtime 1700493245.0
File /usr/lib/python3.10/urllib/response.py first seen with mtime 1700493245.0
File /home/marco/Escritorio/TFG/virtual/lib/python3.10/site-packages/django/db/backends/__init__.py first seen with mtime 1707939839.576172
File /usr/lib/python3.10/email/mime/nonmultipart.py first seen with mtime 1700493245.0
File /home/marco/Escritorio/TFG/virtual/lib/python3.10/site-packages/requests/certs.py first seen with mtime 1707846682.0834987
File /home/marco/Escritorio/TFG/virtual/lib/python3.10/site-packages/django/contrib/admin/helpers.py first seen with mtime 1707939839.195982
File /usr/lib/python3.10/__future__.py first seen with mtime 1700493245.0
File /home/marco/Escritorio/TFG/virtual/lib/python3.10/site-packages/django/core/files/uploadhandler.py first seen with mtime 1707939839.568168
File /home/marco/Escritorio/TFG/virtual/lib/python3.10/site-packages/django/core/cache/backends/base.py first seen with mtime 1707939839.564166
File /home/marco/Escritorio/TFG/virtual/lib/python3.10/site-packages/django_extensions/templatetags/highlighting.py first seen with mtime 1707846666.7678442
File /home/marco/Escritorio/TFG/virtual/lib/python3.10/site-packages/sqlparse/lexer.py first seen with mtime 1707846643.5442379
File /usr/lib/python3.10/concurrent/futures/thread.py first seen with mtime 1700493245.0
File /home/marco/Escritorio/TFG/virtual/lib/python3.10/site-packages/django/contrib/admin/exceptions.py first seen with mtime 1707939839.195982
File /home/marco/Escritorio/TFG/virtual/lib/python3.10/site-packages/docker/types/daemon.py first seen with mtime 1707846682.1155145
File /home/marco/Escritorio/TFG/virtual/lib/python3.10/site-packages/django/core/cache/backends/__init__.py first seen with mtime 1707939839.564166
File /home/marco/Escritorio/TFG/virtual/lib/python3.10/site-packages/iptc/__init__.py first seen with mtime 1708602436.542861
File /home/marco/Escritorio/TFG/virtual/lib/python3.10/site-packages/setuptools/_vendor/jaraco/context.py first seen with mtime 1708273892.4513328
File /home/marco/Escritorio/TFG/virtual/lib/python3.10/site-packages/django/db/models/functions/datetime.py first seen with mtime 1707939839.588178
File /usr/lib/python3.10/argparse.py first seen with mtime 1700493245.0
File /home/marco/Escritorio/TFG/virtual/lib/python3.10/site-packages/docker/api/network.py first seen with mtime 1707846682.1115127
File /home/marco/Escritorio/TFG/virtual/lib/python3.10/site-packages/charset_normalizer/utils.py first seen with mtime 1707846682.0554845
File /home/marco/Escritorio/TFG/virtual/lib/python3.10/site-packages/django/db/backends/sqlite3/creation.py first seen with mtime 1707939839.580174
File /usr/lib/python3.10/asyncio/format_helpers.py first seen with mtime 1700493245.0
File /home/marco/Escritorio/TFG/virtual/lib/python3.10/site-packages/django/core/checks/compatibility/django_4_0.py first seen with mtime 1707939839.564166
File /usr/lib/python3.10/logging/config.py first seen with mtime 1700493245.0
File /usr/lib/python3.10/datetime.py first seen with mtime 1700493245.0
File /home/marco/Escritorio/TFG/virtual/lib/python3.10/site-packages/django/template/smartif.py first seen with mtime 1707939839.604186
File /home/marco/Escritorio/TFG/virtual/lib/python3.10/site-packages/django/utils/_os.py first seen with mtime 1707939839.608188
File /home/marco/Escritorio/TFG/virtual/lib/python3.10/site-packages/django/core/servers/__init__.py first seen with mtime 1707939839.57217
File /home/marco/Escritorio/TFG/virtual/lib/python3.10/site-packages/requests/hooks.py first seen with mtime 1707846682.0834987
File /usr/lib/python3.10/os.py first seen with mtime 1700493245.0
File /usr/lib/python3.10/logging/handlers.py first seen with mtime 1700493245.0
File /home/marco/Escritorio/TFG/virtual/lib/python3.10/site-packages/django/db/backends/sqlite3/schema.py first seen with mtime 1707939839.580174
File /home/marco/Escritorio/TFG/virtual/lib/python3.10/site-packages/django/urls/conf.py first seen with mtime 1707939839.608188
File /usr/lib/python3.10/lib-dynload/_bz2.cpython-310-x86_64-linux-gnu.so first seen with mtime 1700493245.0
File /home/marco/Escritorio/TFG/virtual/lib/python3.10/site-packages/django/contrib/admin/filters.py first seen with mtime 1707939839.195982
File /home/marco/Escritorio/TFG/virtual/lib/python3.10/site-packages/setuptools/_distutils/_collections.py first seen with mtime 1708273892.439333
File /home/marco/Escritorio/TFG/virtual/lib/python3.10/site-packages/django/utils/timezone.py first seen with mtime 1707939839.61219
File /usr/lib/python3.10/wsgiref/__init__.py first seen with mtime 1700493245.0
File /home/marco/Escritorio/TFG/virtual/lib/python3.10/site-packages/django/contrib/messages/storage/base.py first seen with mtime 1707939839.468118
File /home/marco/Escritorio/TFG/virtual/lib/python3.10/site-packages/django/utils/http.py first seen with mtime 1707939839.61219
File /home/marco/Escritorio/TFG/virtual/lib/python3.10/site-packages/idna/__init__.py first seen with mtime 1707846681.9914527
File /home/marco/Escritorio/TFG/virtual/lib/python3.10/site-packages/packaging/_structures.py first seen with mtime 1707846681.9674406
File /home/marco/Escritorio/TFG/virtual/lib/python3.10/site-packages/urllib3/util/wait.py first seen with mtime 1707846681.9234185
File /usr/lib/python3.10/genericpath.py first seen with mtime 1700493245.0
File /home/marco/Escritorio/TFG/virtual/lib/python3.10/site-packages/idna/core.py first seen with mtime 1707846681.9914527
File /home/marco/Escritorio/TFG/virtual/lib/python3.10/site-packages/django/contrib/admin/utils.py first seen with mtime 1707939839.195982
File /usr/lib/python3.10/urllib/__init__.py first seen with mtime 1700493245.0
File /usr/lib/python3.10/sre_compile.py first seen with mtime 1700493245.0
File /home/marco/Escritorio/TFG/virtual/lib/python3.10/site-packages/django/db/backends/base/creation.py first seen with mtime 1707939839.576172
File /home/marco/Escritorio/TFG/virtual/lib/python3.10/site-packages/django/contrib/contenttypes/management/__init__.py first seen with mtime 1707939839.37207
File /home/marco/Escritorio/TFG/virtual/lib/python3.10/site-packages/asgiref/__init__.py first seen with mtime 1707846643.5642478
File /home/marco/Escritorio/TFG/virtual/lib/python3.10/site-packages/docker/api/image.py first seen with mtime 1707846682.1115127
File /home/marco/Escritorio/TFG/virtual/lib/python3.10/site-packages/setuptools/_vendor/jaraco/functools.py first seen with mtime 1708273892.4513328
File /home/marco/Escritorio/TFG/virtual/lib/python3.10/site-packages/django/contrib/sessions/__init__.py first seen with mtime 1707939839.51214
File /home/marco/Escritorio/TFG/virtual/lib/python3.10/site-packages/django/apps/__init__.py first seen with mtime 1707939839.127948
File /home/marco/Escritorio/TFG/virtual/lib/python3.10/site-packages/django/utils/module_loading.py first seen with mtime 1707939839.61219
File /home/marco/Escritorio/TFG/virtual/lib/python3.10/site-packages/docker/transport/__init__.py first seen with mtime 1707846682.1155145
File /usr/lib/python3.10/importlib/metadata/_text.py first seen with mtime 1700493245.0
File /usr/lib/python3.10/_collections_abc.py first seen with mtime 1700493245.0
File /usr/lib/python3.10/mimetypes.py first seen with mtime 1700493245.0
File /home/marco/Escritorio/TFG/virtual/lib/python3.10/site-packages/django/contrib/auth/hashers.py first seen with mtime 1707939839.316042
File /usr/lib/python3.10/collections/abc.py first seen with mtime 1700493245.0
File /home/marco/Escritorio/TFG/virtual/lib/python3.10/site-packages/django/contrib/auth/models.py first seen with mtime 1707939839.316042
File /usr/lib/python3.10/ast.py first seen with mtime 1700493245.0
File /home/marco/Escritorio/TFG/virtual/lib/python3.10/site-packages/django/utils/translation/trans_real.py first seen with mtime 1707939839.616192
File /usr/lib/python3.10/email/mime/multipart.py first seen with mtime 1700493245.0
File /usr/lib/python3.10/statistics.py first seen with mtime 1700493245.0
File /home/marco/Escritorio/TFG/virtual/lib/python3.10/site-packages/setuptools/_distutils/command/__init__.py first seen with mtime 1708273892.443333
File /home/marco/Escritorio/TFG/virtual/lib/python3.10/site-packages/django/middleware/cache.py first seen with mtime 1707939839.600184
File /home/marco/Escritorio/TFG/virtual/lib/python3.10/site-packages/django/utils/tree.py first seen with mtime 1707939839.61219
File /home/marco/Escritorio/TFG/virtual/lib/python3.10/site-packages/setuptools/_vendor/packaging/requirements.py first seen with mtime 1708273892.455333
File /home/marco/Escritorio/TFG/virtual/lib/python3.10/site-packages/django/contrib/admin/views/__init__.py first seen with mtime 1707939839.288028
File /home/marco/Escritorio/TFG/virtual/lib/python3.10/site-packages/setuptools/dist.py first seen with mtime 1708273892.4353328
File /home/marco/Escritorio/TFG/virtual/lib/python3.10/site-packages/django/middleware/common.py first seen with mtime 1707939839.600184
File /home/marco/Escritorio/TFG/virtual/lib/python3.10/site-packages/docker/models/networks.py first seen with mtime 1707846682.1115127
File /usr/lib/python3.10/wsgiref/headers.py first seen with mtime 1700493245.0
File /usr/lib/python3.10/stringprep.py first seen with mtime 1700493245.0
File /home/marco/Escritorio/TFG/virtual/lib/python3.10/site-packages/docker/models/services.py first seen with mtime 1707846682.1115127
File /home/marco/Escritorio/TFG/virtual/lib/python3.10/site-packages/django/core/checks/database.py first seen with mtime 1707939839.564166
File /usr/lib/python3.10/asyncio/trsock.py first seen with mtime 1700493245.0
File /home/marco/Escritorio/TFG/virtual/lib/python3.10/site-packages/django/templatetags/cache.py first seen with mtime 1707939839.604186
File /usr/lib/python3.10/signal.py first seen with mtime 1700493245.0
File /usr/lib/python3.10/ctypes/__init__.py first seen with mtime 1700493245.0
File /home/marco/Escritorio/TFG/virtual/lib/python3.10/site-packages/django/db/backends/sqlite3/client.py first seen with mtime 1707939839.580174
File /home/marco/Escritorio/TFG/marpaga_tfg/marpaga/urls.py first seen with mtime 1708017730.6391273
File /home/marco/Escritorio/TFG/virtual/lib/python3.10/site-packages/django/db/models/fields/related_descriptors.py first seen with mtime 1707939839.588178
File /home/marco/Escritorio/TFG/virtual/lib/python3.10/site-packages/django/core/management/commands/__init__.py first seen with mtime 1707939839.568168
File /home/marco/Escritorio/TFG/virtual/lib/python3.10/site-packages/django/utils/dateparse.py first seen with mtime 1707939839.608188
File /home/marco/Escritorio/TFG/virtual/lib/python3.10/site-packages/django/contrib/staticfiles/management/__init__.py first seen with mtime 1707939839.560164
File /usr/lib/python3.10/asyncio/tasks.py first seen with mtime 1700493245.0
File /home/marco/Escritorio/TFG/virtual/lib/python3.10/site-packages/django/db/migrations/operations/special.py first seen with mtime 1707939839.584176
File /home/marco/Escritorio/TFG/virtual/lib/python3.10/site-packages/django/views/csrf.py first seen with mtime 1707939839.616192
File /home/marco/Escritorio/TFG/virtual/lib/python3.10/site-packages/django/db/models/sql/subqueries.py first seen with mtime 1707939839.59218
File /home/marco/Escritorio/TFG/virtual/lib/python3.10/site-packages/django/contrib/messages/api.py first seen with mtime 1707939839.468118
File /usr/lib/python3.10/json/encoder.py first seen with mtime 1700493245.0
File /home/marco/Escritorio/TFG/virtual/lib/python3.10/site-packages/django_extensions/templatetags/__init__.py first seen with mtime 1707846666.7678442
File /usr/lib/python3.10/asyncio/subprocess.py first seen with mtime 1700493245.0
File /home/marco/Escritorio/TFG/virtual/lib/python3.10/site-packages/django/dispatch/__init__.py first seen with mtime 1707939839.59218
File /home/marco/Escritorio/TFG/virtual/lib/python3.10/site-packages/setuptools/_vendor/packaging/_manylinux.py first seen with mtime 1708273892.4513328
File /home/marco/Escritorio/TFG/virtual/lib/python3.10/site-packages/django/views/debug.py first seen with mtime 1707939839.616192
File /home/marco/Escritorio/TFG/virtual/lib/python3.10/site-packages/requests/__version__.py first seen with mtime 1707846682.0834987
File /home/marco/Escritorio/TFG/virtual/lib/python3.10/site-packages/setuptools/_distutils/cmd.py first seen with mtime 1708273892.439333
File /home/marco/Escritorio/TFG/virtual/lib/python3.10/site-packages/docker/types/healthcheck.py first seen with mtime 1707846682.1155145
File /home/marco/Escritorio/TFG/virtual/lib/python3.10/site-packages/setuptools/version.py first seen with mtime 1708273892.439333
File /home/marco/Escritorio/TFG/virtual/lib/python3.10/site-packages/django/dispatch/dispatcher.py first seen with mtime 1707939839.59218
File /home/marco/Escritorio/TFG/virtual/lib/python3.10/site-packages/django/db/backends/base/validation.py first seen with mtime 1707939839.576172
File /home/marco/Escritorio/TFG/virtual/lib/python3.10/site-packages/django/templatetags/i18n.py first seen with mtime 1707939839.604186
File /home/marco/Escritorio/TFG/virtual/lib/python3.10/site-packages/sqlparse/formatter.py first seen with mtime 1707846643.5442379
File /etc/python3.10/sitecustomize.py first seen with mtime 1648890259.0
File /home/marco/Escritorio/TFG/virtual/lib/python3.10/site-packages/django/db/models/fields/related_lookups.py first seen with mtime 1707939839.588178
File /home/marco/Escritorio/TFG/virtual/lib/python3.10/site-packages/docker/api/volume.py first seen with mtime 1707846682.1115127
File /home/marco/Escritorio/TFG/virtual/lib/python3.10/site-packages/urllib3/_base_connection.py first seen with mtime 1707846681.9194167
File /home/marco/Escritorio/TFG/virtual/lib/python3.10/site-packages/django/views/generic/edit.py first seen with mtime 1707939839.616192
File /home/marco/Escritorio/TFG/virtual/lib/python3.10/site-packages/django/urls/resolvers.py first seen with mtime 1707939839.608188
File /usr/lib/python3.10/configparser.py first seen with mtime 1700493245.0
File /home/marco/Escritorio/TFG/virtual/lib/python3.10/site-packages/django/contrib/staticfiles/checks.py first seen with mtime 1707939839.560164
File /home/marco/Escritorio/TFG/marpaga_tfg/gestion/urls.py first seen with mtime 1708607547.1792607
File /home/marco/Escritorio/TFG/virtual/lib/python3.10/site-packages/setuptools/config/expand.py first seen with mtime 1708273892.459333
File /home/marco/Escritorio/TFG/virtual/lib/python3.10/site-packages/sqlparse/filters/reindent.py first seen with mtime 1707846643.5442379
File /home/marco/Escritorio/TFG/virtual/lib/python3.10/site-packages/django/contrib/messages/constants.py first seen with mtime 1707939839.468118
File /home/marco/Escritorio/TFG/virtual/lib/python3.10/site-packages/django/contrib/admin/__init__.py first seen with mtime 1707939839.195982
File /home/marco/Escritorio/TFG/virtual/lib/python3.10/site-packages/docker/constants.py first seen with mtime 1707846682.1075106
File /home/marco/Escritorio/TFG/virtual/lib/python3.10/site-packages/urllib3/contrib/__init__.py first seen with mtime 1707846681.9194167
File /home/marco/Escritorio/TFG/virtual/lib/python3.10/site-packages/idna/intranges.py first seen with mtime 1707846681.9914527
File /home/marco/Escritorio/TFG/virtual/lib/python3.10/site-packages/iptc/errors.py first seen with mtime 1708602436.542861
File /home/marco/Escritorio/TFG/virtual/lib/python3.10/site-packages/django/core/exceptions.py first seen with mtime 1707939839.560164
File /home/marco/Escritorio/TFG/virtual/lib/python3.10/site-packages/docker/models/secrets.py first seen with mtime 1707846682.1115127
File /home/marco/Escritorio/TFG/virtual/lib/python3.10/site-packages/docker/transport/basehttpadapter.py first seen with mtime 1707846682.1155145
File /home/marco/Escritorio/TFG/marpaga_tfg/gestion/admin.py first seen with mtime 1708607547.1792607
File /home/marco/Escritorio/TFG/virtual/lib/python3.10/site-packages/django/contrib/contenttypes/checks.py first seen with mtime 1707939839.348058
File /usr/lib/python3.10/lib-dynload/_hashlib.cpython-310-x86_64-linux-gnu.so first seen with mtime 1700493245.0
File /home/marco/Escritorio/TFG/virtual/lib/python3.10/site-packages/django/contrib/__init__.py first seen with mtime 1707939839.195982
File /home/marco/Escritorio/TFG/virtual/lib/python3.10/site-packages/django/templatetags/l10n.py first seen with mtime 1707939839.604186
File /usr/lib/python3.10/textwrap.py first seen with mtime 1700493245.0
File /home/marco/Escritorio/TFG/virtual/lib/python3.10/site-packages/django/contrib/admin/options.py first seen with mtime 1707939839.195982
File /home/marco/Escritorio/TFG/virtual/lib/python3.10/site-packages/django/forms/utils.py first seen with mtime 1707939839.59218
File /home/marco/Escritorio/TFG/virtual/lib/python3.10/site-packages/urllib3/util/util.py first seen with mtime 1707846681.9234185
File /home/marco/Escritorio/TFG/virtual/lib/python3.10/site-packages/django/core/serializers/json.py first seen with mtime 1707939839.57217
File /usr/lib/python3.10/logging/__init__.py first seen with mtime 1700493245.0
File /usr/lib/python3.10/asyncio/futures.py first seen with mtime 1700493245.0
File /home/marco/Escritorio/TFG/virtual/lib/python3.10/site-packages/setuptools/warnings.py first seen with mtime 1708273892.439333
File /home/marco/Escritorio/TFG/virtual/lib/python3.10/site-packages/django/contrib/sites/shortcuts.py first seen with mtime 1707939839.5361521
File /usr/lib/python3.10/re.py first seen with mtime 1700493245.0
File /home/marco/Escritorio/TFG/virtual/lib/python3.10/site-packages/django/core/handlers/wsgi.py first seen with mtime 1707939839.568168
File /home/marco/Escritorio/TFG/virtual/lib/python3.10/site-packages/django/db/backends/base/client.py first seen with mtime 1707939839.576172
File /home/marco/Escritorio/TFG/virtual/lib/python3.10/site-packages/django/db/models/fields/proxy.py first seen with mtime 1707939839.588178
File /usr/lib/python3.10/http/client.py first seen with mtime 1700493245.0
File /home/marco/Escritorio/TFG/virtual/lib/python3.10/site-packages/django/core/checks/caches.py first seen with mtime 1707939839.564166
File /usr/lib/python3.10/keyword.py first seen with mtime 1700493245.0
File /home/marco/Escritorio/TFG/virtual/lib/python3.10/site-packages/django/db/models/lookups.py first seen with mtime 1707939839.584176
File /home/marco/Escritorio/TFG/virtual/lib/python3.10/site-packages/django/contrib/admin/widgets.py first seen with mtime 1707939839.195982
File /home/marco/Escritorio/TFG/virtual/lib/python3.10/site-packages/django/utils/deconstruct.py first seen with mtime 1707939839.61219
File /home/marco/Escritorio/TFG/virtual/lib/python3.10/site-packages/docker/api/client.py first seen with mtime 1707846682.1075106
File /home/marco/Escritorio/TFG/virtual/lib/python3.10/site-packages/django/db/migrations/operations/base.py first seen with mtime 1707939839.584176
File /home/marco/Escritorio/TFG/virtual/lib/python3.10/site-packages/setuptools/_vendor/jaraco/text/__init__.py first seen with mtime 1708273892.4513328
File /usr/lib/python3.10/encodings/aliases.py first seen with mtime 1700493245.0
File /home/marco/Escritorio/TFG/virtual/lib/python3.10/site-packages/django/db/backends/sqlite3/operations.py first seen with mtime 1707939839.580174
File /home/marco/Escritorio/TFG/virtual/lib/python3.10/site-packages/django/contrib/admin/decorators.py first seen with mtime 1707939839.195982
File /usr/lib/python3.10/getpass.py first seen with mtime 1700493245.0
File /usr/lib/python3.10/collections/__init__.py first seen with mtime 1700493245.0
File /home/marco/Escritorio/TFG/virtual/lib/python3.10/site-packages/django/db/migrations/operations/__init__.py first seen with mtime 1707939839.584176
File /home/marco/Escritorio/TFG/virtual/lib/python3.10/site-packages/setuptools/config/pyprojecttoml.py first seen with mtime 1708273892.459333
File /home/marco/Escritorio/TFG/marpaga_tfg/personal/__init__.py first seen with mtime 1707999020.2323697
File /home/marco/Escritorio/TFG/virtual/lib/python3.10/site-packages/urllib3/_collections.py first seen with mtime 1707846681.9194167
File /home/marco/Escritorio/TFG/virtual/lib/python3.10/site-packages/urllib3/fields.py first seen with mtime 1707846681.9194167
File /usr/lib/python3.10/json/__init__.py first seen with mtime 1700493245.0
File /home/marco/Escritorio/TFG/virtual/lib/python3.10/site-packages/requests/models.py first seen with mtime 1707846682.0834987
File /usr/lib/python3.10/asyncio/events.py first seen with mtime 1700493245.0
File /home/marco/Escritorio/TFG/virtual/lib/python3.10/site-packages/django/contrib/messages/utils.py first seen with mtime 1707939839.468118
File /home/marco/Escritorio/TFG/virtual/lib/python3.10/site-packages/docker/auth.py first seen with mtime 1707846682.1075106
File /home/marco/Escritorio/TFG/virtual/lib/python3.10/site-packages/django/utils/datastructures.py first seen with mtime 1707939839.608188
File /usr/lib/python3.10/posixpath.py first seen with mtime 1700493245.0
File /home/marco/Escritorio/TFG/virtual/lib/python3.10/site-packages/django/forms/renderers.py first seen with mtime 1707939839.59218
File /home/marco/Escritorio/TFG/virtual/lib/python3.10/site-packages/django/core/files/storage/mixins.py first seen with mtime 1707939839.568168
File /home/marco/Escritorio/TFG/virtual/lib/python3.10/site-packages/django/conf/global_settings.py first seen with mtime 1707939839.127948
File /home/marco/Escritorio/TFG/virtual/lib/python3.10/site-packages/docker/api/config.py first seen with mtime 1707846682.1115127
File /home/marco/Escritorio/TFG/virtual/lib/python3.10/site-packages/docker/types/networks.py first seen with mtime 1707846682.1155145
File /home/marco/Escritorio/TFG/virtual/lib/python3.10/site-packages/django/core/files/storage/base.py first seen with mtime 1707939839.568168
File /home/marco/Escritorio/TFG/virtual/lib/python3.10/site-packages/charset_normalizer/legacy.py first seen with mtime 1707846682.0554845
File /home/marco/Escritorio/TFG/virtual/lib/python3.10/site-packages/setuptools/_distutils/file_util.py first seen with mtime 1708273892.443333
File /home/marco/Escritorio/TFG/virtual/lib/python3.10/site-packages/docker/types/__init__.py first seen with mtime 1707846682.1155145
File /home/marco/Escritorio/TFG/virtual/lib/python3.10/site-packages/sqlparse/engine/statement_splitter.py first seen with mtime 1707846643.5442379
File /home/marco/Escritorio/TFG/virtual/lib/python3.10/site-packages/django/db/backends/signals.py first seen with mtime 1707939839.576172
File /usr/lib/python3.10/site.py first seen with mtime 1700493245.0
File /usr/lib/python3.10/socket.py first seen with mtime 1700493245.0
File /home/marco/Escritorio/TFG/virtual/lib/python3.10/site-packages/django/core/files/storage/__init__.py first seen with mtime 1707939839.568168
File /usr/lib/python3.10/csv.py first seen with mtime 1700493245.0
File /home/marco/Escritorio/TFG/virtual/lib/python3.10/site-packages/django/contrib/sessions/apps.py first seen with mtime 1707939839.51214
File /home/marco/Escritorio/TFG/virtual/lib/python3.10/site-packages/django/db/backends/base/operations.py first seen with mtime 1707939839.576172
File /home/marco/Escritorio/TFG/virtual/lib/python3.10/site-packages/django/middleware/csrf.py first seen with mtime 1707939839.604186
File /home/marco/Escritorio/TFG/virtual/lib/python3.10/site-packages/django/forms/__init__.py first seen with mtime 1707939839.59218
File /usr/lib/python3.10/copy.py first seen with mtime 1700493245.0
File /usr/lib/python3.10/uu.py first seen with mtime 1700493245.0
File /home/marco/Escritorio/TFG/virtual/lib/python3.10/site-packages/setuptools/_distutils/config.py first seen with mtime 1708273892.439333
File /usr/lib/python3.10/importlib/metadata/_adapters.py first seen with mtime 1700493245.0
File /usr/lib/python3.10/asyncio/constants.py first seen with mtime 1700493245.0
File /home/marco/Escritorio/TFG/virtual/lib/python3.10/site-packages/django/template/engine.py first seen with mtime 1707939839.604186
File /home/marco/Escritorio/TFG/virtual/lib/python3.10/site-packages/setuptools/_distutils/debug.py first seen with mtime 1708273892.443333
File /usr/lib/python3.10/email/policy.py first seen with mtime 1700493245.0
File /home/marco/Escritorio/TFG/virtual/lib/python3.10/site-packages/django/middleware/security.py first seen with mtime 1707939839.604186
File /usr/lib/python3.10/importlib/metadata/_functools.py first seen with mtime 1700493245.0
File /usr/lib/python3.10/asyncio/exceptions.py first seen with mtime 1700493245.0
File /home/marco/Escritorio/TFG/virtual/lib/python3.10/site-packages/setuptools/_distutils/command/bdist.py first seen with mtime 1708273892.443333
File /usr/lib/python3.10/warnings.py first seen with mtime 1700493245.0
File /home/marco/Escritorio/TFG/virtual/lib/python3.10/site-packages/django/db/models/fields/mixins.py first seen with mtime 1707939839.588178
File /usr/lib/python3.10/bz2.py first seen with mtime 1700493245.0
File /home/marco/Escritorio/TFG/virtual/lib/python3.10/site-packages/django/db/models/sql/constants.py first seen with mtime 1707939839.588178
File /usr/lib/python3.10/email/_header_value_parser.py first seen with mtime 1700493245.0
File /usr/lib/python3.10/_markupbase.py first seen with mtime 1700493245.0
File /home/marco/Escritorio/TFG/virtual/lib/python3.10/site-packages/django/contrib/admin/templatetags/admin_urls.py first seen with mtime 1707939839.2840261
File /usr/lib/python3.10/hmac.py first seen with mtime 1700493245.0
File /home/marco/Escritorio/TFG/virtual/lib/python3.10/site-packages/django/contrib/staticfiles/apps.py first seen with mtime 1707939839.560164
File /usr/lib/python3.10/_compat_pickle.py first seen with mtime 1700493245.0
File /home/marco/Escritorio/TFG/virtual/lib/python3.10/site-packages/django/contrib/auth/tokens.py first seen with mtime 1707939839.316042
File /home/marco/Escritorio/TFG/virtual/lib/python3.10/site-packages/django/db/models/fields/__init__.py first seen with mtime 1707939839.588178
File /home/marco/Escritorio/TFG/virtual/lib/python3.10/site-packages/urllib3/util/url.py first seen with mtime 1707846681.9234185
File /usr/lib/python3.10/abc.py first seen with mtime 1700493245.0
File /home/marco/Escritorio/TFG/virtual/lib/python3.10/site-packages/django/forms/widgets.py first seen with mtime 1707939839.59218
File /usr/lib/python3.10/importlib/readers.py first seen with mtime 1700493245.0
File /usr/lib/python3.10/asyncio/streams.py first seen with mtime 1700493245.0
File /home/marco/Escritorio/TFG/virtual/lib/python3.10/site-packages/django/contrib/contenttypes/apps.py first seen with mtime 1707939839.348058
File /home/marco/Escritorio/TFG/virtual/lib/python3.10/site-packages/docker/models/nodes.py first seen with mtime 1707846682.1115127
File /home/marco/Escritorio/TFG/virtual/lib/python3.10/site-packages/django/contrib/contenttypes/admin.py first seen with mtime 1707939839.348058
File /home/marco/Escritorio/TFG/virtual/lib/python3.10/site-packages/docker/types/swarm.py first seen with mtime 1707846682.1155145
File /usr/lib/python3.10/email/quoprimime.py first seen with mtime 1700493245.0
File /home/marco/Escritorio/TFG/virtual/lib/python3.10/site-packages/iptc/ip4tc.py first seen with mtime 1708602436.542861
File /home/marco/Escritorio/TFG/virtual/lib/python3.10/site-packages/django_extensions/apps.py first seen with mtime 1707846666.7518363
File /home/marco/Escritorio/TFG/virtual/lib/python3.10/site-packages/django/db/transaction.py first seen with mtime 1707939839.57217
File /home/marco/Escritorio/TFG/virtual/lib/python3.10/site-packages/django/core/__init__.py first seen with mtime 1707939839.560164
File /home/marco/Escritorio/TFG/virtual/lib/python3.10/site-packages/django/db/migrations/state.py first seen with mtime 1707939839.584176
File /home/marco/Escritorio/TFG/virtual/lib/python3.10/site-packages/django/contrib/messages/__init__.py first seen with mtime 1707939839.468118
File /home/marco/Escritorio/TFG/virtual/lib/python3.10/site-packages/django/contrib/staticfiles/views.py first seen with mtime 1707939839.560164
File /home/marco/Escritorio/TFG/virtual/lib/python3.10/site-packages/django/utils/lorem_ipsum.py first seen with mtime 1707939839.61219
File /home/marco/Escritorio/TFG/virtual/lib/python3.10/site-packages/docker/__init__.py first seen with mtime 1707846682.1075106
File /home/marco/Escritorio/TFG/virtual/lib/python3.10/site-packages/django/contrib/staticfiles/management/commands/__init__.py first seen with mtime 1707939839.560164
File /usr/lib/python3.10/io.py first seen with mtime 1700493245.0
File /home/marco/Escritorio/TFG/virtual/lib/python3.10/site-packages/iptc/xtables.py first seen with mtime 1708602436.542861
File /home/marco/Escritorio/TFG/virtual/lib/python3.10/site-packages/urllib3/connectionpool.py first seen with mtime 1707846681.9194167
File /usr/lib/python3.10/typing.py first seen with mtime 1700493245.0
File /usr/lib/python3.10/importlib/_common.py first seen with mtime 1700493245.0
File /usr/lib/python3.10/numbers.py first seen with mtime 1700493245.0
File /usr/lib/python3.10/sre_constants.py first seen with mtime 1700493245.0
File /home/marco/Escritorio/TFG/virtual/lib/python3.10/site-packages/django/contrib/contenttypes/views.py first seen with mtime 1707939839.348058
File /home/marco/Escritorio/TFG/virtual/lib/python3.10/site-packages/django/core/checks/async_checks.py first seen with mtime 1707939839.564166
File /home/marco/Escritorio/TFG/virtual/lib/python3.10/site-packages/certifi/__init__.py first seen with mtime 1707846682.0754945
File /home/marco/Escritorio/TFG/virtual/lib/python3.10/site-packages/docker/api/build.py first seen with mtime 1707846682.1075106
File /home/marco/Escritorio/TFG/virtual/lib/python3.10/site-packages/django/contrib/admin/apps.py first seen with mtime 1707939839.195982
File /usr/lib/python3.10/platform.py first seen with mtime 1700493245.0
File /usr/lib/python3.10/token.py first seen with mtime 1700493245.0
File /home/marco/Escritorio/TFG/virtual/lib/python3.10/site-packages/django/contrib/admin/views/autocomplete.py first seen with mtime 1707939839.288028
File /home/marco/Escritorio/TFG/virtual/lib/python3.10/site-packages/setuptools/_reqs.py first seen with mtime 1708273892.4353328
File /usr/lib/python3.10/http/cookiejar.py first seen with mtime 1700493245.0
File /home/marco/Escritorio/TFG/virtual/lib/python3.10/site-packages/docker/api/secret.py first seen with mtime 1707846682.1115127
File /home/marco/Escritorio/TFG/marpaga_tfg/gestion/models.py first seen with mtime 1708607547.1792607
File /home/marco/Escritorio/TFG/virtual/lib/python3.10/site-packages/certifi/core.py first seen with mtime 1707846682.0754945
File /home/marco/Escritorio/TFG/virtual/lib/python3.10/site-packages/django/urls/exceptions.py first seen with mtime 1707939839.608188
File /usr/lib/python3.10/importlib/util.py first seen with mtime 1700493245.0
File /home/marco/Escritorio/TFG/virtual/lib/python3.10/site-packages/setuptools/_vendor/packaging/_tokenizer.py first seen with mtime 1708273892.455333
File /usr/lib/python3.10/email/_encoded_words.py first seen with mtime 1700493245.0
File /usr/lib/python3.10/importlib/metadata/_collections.py first seen with mtime 1700493245.0
File /home/marco/Escritorio/TFG/virtual/lib/python3.10/site-packages/iptc/util.py first seen with mtime 1708602436.542861
File /usr/lib/python3.10/shlex.py first seen with mtime 1700493245.0
File /home/marco/Escritorio/TFG/virtual/lib/python3.10/site-packages/setuptools/_distutils/_modified.py first seen with mtime 1708273892.439333
File /usr/lib/python3.10/asyncio/base_subprocess.py first seen with mtime 1700493245.0
File /home/marco/Escritorio/TFG/virtual/lib/python3.10/site-packages/sqlparse/filters/aligned_indent.py first seen with mtime 1707846643.5442379
File /usr/lib/python3.10/asyncio/base_tasks.py first seen with mtime 1700493245.0
File /home/marco/Escritorio/TFG/virtual/lib/python3.10/site-packages/django/core/management/base.py first seen with mtime 1707939839.568168
File /home/marco/Escritorio/TFG/virtual/lib/python3.10/site-packages/django/__init__.py first seen with mtime 1707939839.127948
File /home/marco/Escritorio/TFG/virtual/lib/python3.10/site-packages/django/utils/cache.py first seen with mtime 1707939839.608188
File /home/marco/Escritorio/TFG/virtual/lib/python3.10/site-packages/django/templatetags/static.py first seen with mtime 1707939839.604186
File /usr/lib/python3.10/types.py first seen with mtime 1700493245.0
File /home/marco/Escritorio/TFG/virtual/lib/python3.10/site-packages/django/views/i18n.py first seen with mtime 1707939839.616192
File /usr/lib/python3.10/random.py first seen with mtime 1700493245.0
File /home/marco/Escritorio/TFG/virtual/lib/python3.10/site-packages/django/core/servers/basehttp.py first seen with mtime 1707939839.57217
File /home/marco/Escritorio/TFG/virtual/lib/python3.10/site-packages/django/db/backends/sqlite3/introspection.py first seen with mtime 1707939839.580174
File /usr/lib/python3.10/importlib/machinery.py first seen with mtime 1700493245.0
File /home/marco/Escritorio/TFG/virtual/lib/python3.10/site-packages/django/template/defaultfilters.py first seen with mtime 1707939839.604186
File /usr/lib/python3.10/email/_parseaddr.py first seen with mtime 1700493245.0
File /usr/lib/python3.10/_distutils_system_mod.py first seen with mtime 1700493245.0
File /home/marco/Escritorio/TFG/virtual/lib/python3.10/site-packages/django/forms/forms.py first seen with mtime 1707939839.59218
File /home/marco/Escritorio/TFG/virtual/lib/python3.10/site-packages/setuptools/monkey.py first seen with mtime 1708273892.439333
File /home/marco/Escritorio/TFG/virtual/lib/python3.10/site-packages/packaging/version.py first seen with mtime 1707846681.9674406
File /home/marco/Escritorio/TFG/virtual/lib/python3.10/site-packages/django/utils/regex_helper.py first seen with mtime 1707939839.61219
File /home/marco/Escritorio/TFG/virtual/lib/python3.10/site-packages/django_extensions/templates/django_extensions first seen with mtime 1707846666.7678442
File /home/marco/Escritorio/TFG/virtual/lib/python3.10/site-packages/django_extensions/templates/django_extensions/widgets first seen with mtime 1707846666.7678442
File /home/marco/Escritorio/TFG/virtual/lib/python3.10/site-packages/django_extensions/templates/django_extensions/graph_models first seen with mtime 1707846666.7678442
File /home/marco/Escritorio/TFG/virtual/lib/python3.10/site-packages/django_extensions/templates/django_extensions/widgets/foreignkey_searchinput.html first seen with mtime 1707846666.7678442
File /home/marco/Escritorio/TFG/virtual/lib/python3.10/site-packages/django_extensions/templates/django_extensions/graph_models/django2018 first seen with mtime 1707846666.7678442
File /home/marco/Escritorio/TFG/virtual/lib/python3.10/site-packages/django_extensions/templates/django_extensions/graph_models/original first seen with mtime 1707846666.7678442
File /home/marco/Escritorio/TFG/virtual/lib/python3.10/site-packages/django_extensions/templates/django_extensions/graph_models/django2018/relation.dot first seen with mtime 1707846666.7678442
File /home/marco/Escritorio/TFG/virtual/lib/python3.10/site-packages/django_extensions/templates/django_extensions/graph_models/django2018/digraph.dot first seen with mtime 1707846666.7678442
File /home/marco/Escritorio/TFG/virtual/lib/python3.10/site-packages/django_extensions/templates/django_extensions/graph_models/django2018/label.dot first seen with mtime 1707846666.7678442
File /home/marco/Escritorio/TFG/virtual/lib/python3.10/site-packages/django_extensions/templates/django_extensions/graph_models/original/relation.dot first seen with mtime 1707846666.7678442
File /home/marco/Escritorio/TFG/virtual/lib/python3.10/site-packages/django_extensions/templates/django_extensions/graph_models/original/digraph.dot first seen with mtime 1707846666.7678442
File /home/marco/Escritorio/TFG/virtual/lib/python3.10/site-packages/django_extensions/templates/django_extensions/graph_models/original/label.dot first seen with mtime 1707846666.7678442
File /home/marco/Escritorio/TFG/marpaga_tfg/gestion/templates/gestion first seen with mtime 1708594048.9208636
File /home/marco/Escritorio/TFG/marpaga_tfg/gestion/templates/404.html first seen with mtime 1708002754.8826325
File /home/marco/Escritorio/TFG/marpaga_tfg/gestion/templates/gestion/login.html first seen with mtime 1708108643.975154
File /home/marco/Escritorio/TFG/marpaga_tfg/gestion/templates/gestion/index.html first seen with mtime 1708707801.946625
File /home/marco/Escritorio/TFG/marpaga_tfg/gestion/templates/gestion/registro.html first seen with mtime 1707999020.2323697
File /home/marco/Escritorio/TFG/marpaga_tfg/gestion/templates/gestion/personal.html first seen with mtime 1708594048.9208636
File /home/marco/Escritorio/TFG/marpaga_tfg/personal/templates/personal first seen with mtime 1708594048.9288616
File /home/marco/Escritorio/TFG/marpaga_tfg/personal/templates/personal/maquinas.html first seen with mtime 1708594048.9288616
File /home/marco/Escritorio/TFG/marpaga_tfg/personal/templates/personal/maquinaSeleccionada.html first seen with mtime 1708594048.9288616
File /home/marco/Escritorio/TFG/marpaga_tfg/gestion/locale/es/LC_MESSAGES/django.mo first seen with mtime 1707999020.2163692
File /home/marco/Escritorio/TFG/virtual/lib/python3.10/site-packages/django_extensions/locale/pt/LC_MESSAGES/django.mo first seen with mtime 1707846666.7558384
File /home/marco/Escritorio/TFG/virtual/lib/python3.10/site-packages/django_extensions/locale/el/LC_MESSAGES/django.mo first seen with mtime 1707846666.7558384
File /home/marco/Escritorio/TFG/virtual/lib/python3.10/site-packages/django_extensions/locale/es/LC_MESSAGES/django.mo first seen with mtime 1707846666.7558384
File /home/marco/Escritorio/TFG/virtual/lib/python3.10/site-packages/django_extensions/locale/pt_BR/LC_MESSAGES/django.mo first seen with mtime 1707846666.7598403
File /home/marco/Escritorio/TFG/virtual/lib/python3.10/site-packages/django_extensions/locale/fr/LC_MESSAGES/django.mo first seen with mtime 1707846666.7558384
File /home/marco/Escritorio/TFG/virtual/lib/python3.10/site-packages/django_extensions/locale/en/LC_MESSAGES/django.mo first seen with mtime 1707846666.7558384
File /home/marco/Escritorio/TFG/virtual/lib/python3.10/site-packages/django_extensions/locale/ja/LC_MESSAGES/django.mo first seen with mtime 1707846666.7558384
File /home/marco/Escritorio/TFG/virtual/lib/python3.10/site-packages/django_extensions/locale/ro/LC_MESSAGES/django.mo first seen with mtime 1707846666.7598403
File /home/marco/Escritorio/TFG/virtual/lib/python3.10/site-packages/django_extensions/locale/hu/LC_MESSAGES/django.mo first seen with mtime 1707846666.7558384
File /home/marco/Escritorio/TFG/virtual/lib/python3.10/site-packages/django_extensions/locale/it/LC_MESSAGES/django.mo first seen with mtime 1707846666.7558384
File /home/marco/Escritorio/TFG/virtual/lib/python3.10/site-packages/django_extensions/locale/ru/LC_MESSAGES/django.mo first seen with mtime 1707846666.7598403
File /home/marco/Escritorio/TFG/virtual/lib/python3.10/site-packages/django_extensions/locale/pl/LC_MESSAGES/django.mo first seen with mtime 1707846666.7558384
File /home/marco/Escritorio/TFG/virtual/lib/python3.10/site-packages/django_extensions/locale/de/LC_MESSAGES/django.mo first seen with mtime 1707846666.7558384
File /home/marco/Escritorio/TFG/virtual/lib/python3.10/site-packages/django_extensions/locale/da/LC_MESSAGES/django.mo first seen with mtime 1707846666.7558384
File /home/marco/Escritorio/TFG/virtual/lib/python3.10/site-packages/django_extensions/locale/id/LC_MESSAGES/django.mo first seen with mtime 1707846666.7558384
File /home/marco/Escritorio/TFG/marpaga_tfg/gestion/migrations/0033_alter_maquinavulnerable_bandera_usuario_inicial_and_more.py first seen with mtime 1708191303.6102464
File /home/marco/Escritorio/TFG/virtual/lib/python3.10/site-packages/django/contrib/auth/migrations/0008_alter_user_username_max_length.py first seen with mtime 1707939839.348058
File /home/marco/Escritorio/TFG/virtual/lib/python3.10/site-packages/django/contrib/auth/migrations/0001_initial.py first seen with mtime 1707939839.3440561
File /home/marco/Escritorio/TFG/virtual/lib/python3.10/site-packages/django/db/migrations/loader.py first seen with mtime 1707939839.584176
File /home/marco/Escritorio/TFG/marpaga_tfg/gestion/migrations/0028_auto_20240202_0038.py first seen with mtime 1707999020.2163692
File /home/marco/Escritorio/TFG/marpaga_tfg/gestion/migrations/0037_alter_maquinavulnerable_bandera_usuario_inicial_and_more.py first seen with mtime 1708277183.5754097
File /home/marco/Escritorio/TFG/marpaga_tfg/gestion/migrations/0003_rename_jugador_profile.py first seen with mtime 1707999020.2163692
File /home/marco/Escritorio/TFG/marpaga_tfg/gestion/migrations/0010_auto_20231112_1135.py first seen with mtime 1707999020.2163692
File /home/marco/Escritorio/TFG/marpaga_tfg/gestion/migrations/0001_initial.py first seen with mtime 1707999020.2163692
File /home/marco/Escritorio/TFG/virtual/lib/python3.10/site-packages/django/contrib/sessions/backends/db.py first seen with mtime 1707939839.51214
File /home/marco/Escritorio/TFG/marpaga_tfg/gestion/migrations/0009_auto_20231112_1129.py first seen with mtime 1707999020.2163692
File /home/marco/Escritorio/TFG/marpaga_tfg/gestion/migrations/0041_alter_maquinavulnerable_bandera_usuario_inicial_and_more.py first seen with mtime 1708594048.9168646
File /home/marco/Escritorio/TFG/marpaga_tfg/gestion/migrations/0040_alter_maquinavulnerable_bandera_usuario_inicial_and_more.py first seen with mtime 1708347915.0749507
File /home/marco/Escritorio/TFG/marpaga_tfg/gestion/migrations/0042_persona_and_more.py first seen with mtime 1708607547.1792607
File /home/marco/Escritorio/TFG/virtual/lib/python3.10/site-packages/django/contrib/contenttypes/migrations/0001_initial.py first seen with mtime 1707939839.37207
File /home/marco/Escritorio/TFG/marpaga_tfg/gestion/migrations/0030_auto_20240202_0042.py first seen with mtime 1707999020.2163692
File /home/marco/Escritorio/TFG/marpaga_tfg/gestion/migrations/0016_auto_20231112_1218.py first seen with mtime 1707999020.2163692
File /home/marco/Escritorio/TFG/virtual/lib/python3.10/site-packages/PIL/TiffTags.py first seen with mtime 1707846691.868389
File /home/marco/Escritorio/TFG/virtual/lib/python3.10/site-packages/django/db/migrations/graph.py first seen with mtime 1707939839.580174
File /home/marco/Escritorio/TFG/marpaga_tfg/gestion/migrations/0044_delete_persona_and_more.py first seen with mtime 1708607547.1792607
File /home/marco/Escritorio/TFG/virtual/lib/python3.10/site-packages/django/contrib/admin/migrations/0001_initial.py first seen with mtime 1707939839.264016
File /home/marco/Escritorio/TFG/virtual/lib/python3.10/site-packages/django/contrib/auth/migrations/0010_alter_group_name_max_length.py first seen with mtime 1707939839.348058
File /home/marco/Escritorio/TFG/marpaga_tfg/gestion/migrations/0011_auto_20231112_1138.py first seen with mtime 1707999020.2163692
File /home/marco/Escritorio/TFG/virtual/lib/python3.10/site-packages/django/contrib/auth/migrations/0007_alter_validators_add_error_messages.py first seen with mtime 1707939839.348058
File /home/marco/Escritorio/TFG/marpaga_tfg/gestion/migrations/0006_auto_20231112_1124.py first seen with mtime 1707999020.2163692
File /home/marco/Escritorio/TFG/virtual/lib/python3.10/site-packages/django/contrib/auth/migrations/0009_alter_user_last_name_max_length.py first seen with mtime 1707939839.348058
File /home/marco/Escritorio/TFG/virtual/lib/python3.10/site-packages/django/db/migrations/executor.py first seen with mtime 1707939839.580174
File /home/marco/Escritorio/TFG/marpaga_tfg/gestion/migrations/0029_auto_20240202_0040.py first seen with mtime 1707999020.2163692
File /home/marco/Escritorio/TFG/marpaga_tfg/gestion/migrations/0002_rename_profile_jugador.py first seen with mtime 1707999020.2163692
File /home/marco/Escritorio/TFG/virtual/lib/python3.10/site-packages/django/db/migrations/recorder.py first seen with mtime 1707939839.584176
File /home/marco/Escritorio/TFG/virtual/lib/python3.10/site-packages/django/contrib/auth/migrations/0006_require_contenttypes_0002.py first seen with mtime 1707939839.3440561
File /home/marco/Escritorio/TFG/marpaga_tfg/gestion/migrations/0035_remove_maquinavulnerable_ip_address_and_more.py first seen with mtime 1708269231.222491
File /home/marco/Escritorio/TFG/virtual/lib/python3.10/site-packages/django/contrib/contenttypes/migrations/0002_remove_content_type_name.py first seen with mtime 1707939839.37207
File /home/marco/Escritorio/TFG/virtual/lib/python3.10/site-packages/PIL/ImageMode.py first seen with mtime 1707846691.8964028
File /home/marco/Escritorio/TFG/marpaga_tfg/gestion/migrations/0031_auto_20240202_0044.py first seen with mtime 1707999020.2163692
File /home/marco/Escritorio/TFG/marpaga_tfg/gestion/migrations/0021_auto_20240201_1921.py first seen with mtime 1707999020.2163692
File /home/marco/Escritorio/TFG/marpaga_tfg/gestion/migrations/0007_auto_20231112_1127.py first seen with mtime 1707999020.2163692
File /home/marco/Escritorio/TFG/marpaga_tfg/gestion/migrations/0038_alter_maquinadockercompose_archivo_and_more.py first seen with mtime 1708347915.0749507
File /home/marco/Escritorio/TFG/marpaga_tfg/gestion/migrations/0036_alter_maquinavulnerable_bandera_usuario_inicial_and_more.py first seen with mtime 1708269291.9528425
File /home/marco/Escritorio/TFG/virtual/lib/python3.10/site-packages/PIL/_util.py first seen with mtime 1707846691.8924007
File /home/marco/Escritorio/TFG/virtual/lib/python3.10/site-packages/django/contrib/sessions/migrations/__init__.py first seen with mtime 1707939839.5361521
File /home/marco/Escritorio/TFG/virtual/lib/python3.10/site-packages/PIL/_imaging.cpython-310-x86_64-linux-gnu.so first seen with mtime 1707846691.8843968
File /home/marco/Escritorio/TFG/marpaga_tfg/gestion/migrations/0013_auto_20231112_1203.py first seen with mtime 1707999020.2163692
File /home/marco/Escritorio/TFG/marpaga_tfg/gestion/migrations/0039_alter_maquinavulnerable_bandera_usuario_inicial_and_more.py first seen with mtime 1708347915.0749507
File /home/marco/Escritorio/TFG/virtual/lib/python3.10/site-packages/django/contrib/auth/migrations/0002_alter_permission_name_max_length.py first seen with mtime 1707939839.3440561
File /home/marco/Escritorio/TFG/virtual/lib/python3.10/site-packages/django/contrib/sessions/migrations/0001_initial.py first seen with mtime 1707939839.5361521
File /home/marco/Escritorio/TFG/virtual/lib/python3.10/site-packages/PIL/__init__.py first seen with mtime 1707846691.8964028
File /home/marco/Escritorio/TFG/marpaga_tfg/gestion/migrations/0018_auto_20240201_1245.py first seen with mtime 1707999020.2163692
File /home/marco/Escritorio/TFG/marpaga_tfg/gestion/migrations/0005_auto_20231110_2249.py first seen with mtime 1707999020.2163692
File /home/marco/Escritorio/TFG/virtual/lib/python3.10/site-packages/PIL/Image.py first seen with mtime 1707846691.9044068
File /home/marco/Escritorio/TFG/virtual/lib/python3.10/site-packages/django/contrib/auth/migrations/0004_alter_user_username_opts.py first seen with mtime 1707939839.3440561
File /home/marco/Escritorio/TFG/marpaga_tfg/gestion/migrations/0024_auto_20240201_1949.py first seen with mtime 1707999020.2163692
File /home/marco/Escritorio/TFG/marpaga_tfg/gestion/migrations/0020_auto_20240201_1750.py first seen with mtime 1707999020.2163692
File /home/marco/Escritorio/TFG/marpaga_tfg/gestion/migrations/0004_auto_20231110_2212.py first seen with mtime 1707999020.2163692
File /home/marco/Escritorio/TFG/marpaga_tfg/gestion/migrations/0023_auto_20240201_1940.py first seen with mtime 1707999020.2163692
File /home/marco/Escritorio/TFG/marpaga_tfg/gestion/migrations/0019_auto_20240201_1748.py first seen with mtime 1707999020.2163692
File /home/marco/Escritorio/TFG/virtual/lib/python3.10/site-packages/django/middleware/clickjacking.py first seen with mtime 1707939839.600184
File /home/marco/Escritorio/TFG/virtual/lib/python3.10/site-packages/PIL/ExifTags.py first seen with mtime 1707846691.9044068
File /home/marco/Escritorio/TFG/virtual/lib/python3.10/site-packages/PIL/_binary.py first seen with mtime 1707846691.9044068
File /home/marco/Escritorio/TFG/virtual/lib/python3.10/site-packages/django/contrib/auth/migrations/__init__.py first seen with mtime 1707939839.348058
File /home/marco/Escritorio/TFG/virtual/lib/python3.10/site-packages/django/contrib/admin/migrations/0002_logentry_remove_auto_add.py first seen with mtime 1707939839.264016
File /home/marco/Escritorio/TFG/virtual/lib/python3.10/site-packages/PIL/_version.py first seen with mtime 1707846691.8924007
File /home/marco/Escritorio/TFG/virtual/lib/python3.10/site-packages/PIL/_typing.py first seen with mtime 1707846691.900405
File /home/marco/Escritorio/TFG/marpaga_tfg/gestion/migrations/0032_auto_20240202_0220.py first seen with mtime 1707999020.2163692
File /home/marco/Escritorio/TFG/virtual/lib/python3.10/site-packages/django/contrib/auth/migrations/0003_alter_user_email_max_length.py first seen with mtime 1707939839.3440561
File /home/marco/Escritorio/TFG/virtual/lib/python3.10/site-packages/django/core/cache/backends/locmem.py first seen with mtime 1707939839.564166
File /home/marco/Escritorio/TFG/marpaga_tfg/gestion/migrations/0043_alter_persona_options_and_more.py first seen with mtime 1708607547.1792607
File /home/marco/Escritorio/TFG/virtual/lib/python3.10/site-packages/django/contrib/auth/migrations/0005_alter_user_last_login_null.py first seen with mtime 1707939839.3440561
File /home/marco/Escritorio/TFG/virtual/lib/python3.10/site-packages/django/contrib/admin/migrations/0003_logentry_add_action_flag_choices.py first seen with mtime 1707939839.264016
File /home/marco/Escritorio/TFG/marpaga_tfg/gestion/migrations/0014_auto_20231112_1217.py first seen with mtime 1707999020.2163692
File /home/marco/Escritorio/TFG/marpaga_tfg/gestion/migrations/0026_auto_20240201_1951.py first seen with mtime 1707999020.2163692
File /home/marco/Escritorio/TFG/marpaga_tfg/gestion/migrations/0025_auto_20240201_1949.py first seen with mtime 1707999020.2163692
File /home/marco/Escritorio/TFG/marpaga_tfg/gestion/migrations/0027_auto_20240202_0034.py first seen with mtime 1707999020.2163692
File /home/marco/Escritorio/TFG/marpaga_tfg/gestion/migrations/__init__.py first seen with mtime 1707999020.2163692
File /home/marco/Escritorio/TFG/virtual/lib/python3.10/site-packages/django/contrib/auth/migrations/0011_update_proxy_permissions.py first seen with mtime 1707939839.348058
File /home/marco/Escritorio/TFG/marpaga_tfg/gestion/migrations/0008_auto_20231112_1129.py first seen with mtime 1707999020.2163692
File /home/marco/Escritorio/TFG/marpaga_tfg/gestion/migrations/0022_auto_20240201_1929.py first seen with mtime 1707999020.2163692
File /home/marco/Escritorio/TFG/virtual/lib/python3.10/site-packages/django/contrib/contenttypes/migrations/__init__.py first seen with mtime 1707939839.37207
File /home/marco/Escritorio/TFG/marpaga_tfg/gestion/migrations/0034_maquinavulnerable_ip_address_and_more.py first seen with mtime 1708267955.72103
File /home/marco/Escritorio/TFG/virtual/lib/python3.10/site-packages/django/contrib/auth/migrations/0012_alter_user_first_name_max_length.py first seen with mtime 1707939839.348058
File /home/marco/Escritorio/TFG/virtual/lib/python3.10/site-packages/django/db/models/sql/compiler.py first seen with mtime 1707939839.588178
File /home/marco/Escritorio/TFG/virtual/lib/python3.10/site-packages/django/contrib/admin/migrations/__init__.py first seen with mtime 1707939839.264016
File /home/marco/Escritorio/TFG/marpaga_tfg/gestion/migrations/0015_auto_20231112_1217.py first seen with mtime 1707999020.2163692
File /home/marco/Escritorio/TFG/marpaga_tfg/marpaga/wsgi.py first seen with mtime 1707999020.2323697
File /home/marco/Escritorio/TFG/marpaga_tfg/personal/migrations/__init__.py first seen with mtime 1707999020.2323697
File /home/marco/Escritorio/TFG/marpaga_tfg/gestion/migrations/0012_auto_20231112_1148.py first seen with mtime 1707999020.2163692
File /home/marco/Escritorio/TFG/marpaga_tfg/gestion/migrations/0017_auto_20240201_1238.py first seen with mtime 1707999020.2163692
"GET / HTTP/1.1" 200 13957
File /home/marco/Escritorio/TFG/virtual/lib/python3.10/site-packages/django/template/context_processors.py first seen with mtime 1707939839.604186
File /home/marco/Escritorio/TFG/virtual/lib/python3.10/site-packages/django/contrib/auth/context_processors.py first seen with mtime 1707939839.316042
File /home/marco/Escritorio/TFG/virtual/lib/python3.10/site-packages/django/contrib/messages/context_processors.py first seen with mtime 1707939839.468118
File /home/marco/Escritorio/TFG/virtual/lib/python3.10/site-packages/django/contrib/messages/storage/cookie.py first seen with mtime 1707939839.468118
File /home/marco/Escritorio/TFG/virtual/lib/python3.10/site-packages/django/contrib/staticfiles/storage.py first seen with mtime 1707939839.560164
File /home/marco/Escritorio/TFG/virtual/lib/python3.10/site-packages/django/contrib/messages/storage/session.py first seen with mtime 1707939839.468118
File /home/marco/Escritorio/TFG/virtual/lib/python3.10/site-packages/django/contrib/sessions/serializers.py first seen with mtime 1707939839.51214
File /home/marco/Escritorio/TFG/virtual/lib/python3.10/site-packages/django/contrib/messages/storage/fallback.py first seen with mtime 1707939839.468118
Not Found: /49.13.151.148:2241
"CONNECT 49.13.151.148:2241 HTTP/1.1" 404 1807
Not Found: /49.13.151.148:2241
"CONNECT 49.13.151.148:2241 HTTP/1.1" 404 1807
"GET / HTTP/1.1" 200 13957
"GET /login/ HTTP/1.1" 200 5160
"GET /static/css/bootstrap.min.css HTTP/1.1" 304 0
"GET /static/lib/owlcarousel/assets/owl.carousel.min.css HTTP/1.1" 304 0
"GET /static/lib/easing/easing.min.js HTTP/1.1" 304 0
"GET /static/lib/owlcarousel/assets/tempusdominus-bootstrap-4.min.css HTTP/1.1" 404 1930
"GET /static/css/style.css HTTP/1.1" 304 0
"GET /static/lib/chart/chart.min.js HTTP/1.1" 304 0
"GET /static/lib/waypoints/waypoints.min.js HTTP/1.1" 304 0
"GET /static/lib/owlcarousel/owl.carousel.min.js HTTP/1.1" 304 0
"GET /static/lib/tempusdominus/js/tempusdominus-bootstrap-4.min.js HTTP/1.1" 304 0
"GET /static/lib/tempusdominus/js/moment-timezone.min.js HTTP/1.1" 304 0
"GET /static/lib/tempusdominus/js/moment.min.js HTTP/1.1" 304 0
"GET /static/js/main.js HTTP/1.1" 304 0
Exception while resolving variable 'name' in template 'unknown'.
Traceback (most recent call last):
  File "/home/marco/Escritorio/TFG/virtual/lib/python3.10/site-packages/django/core/handlers/exception.py", line 55, in inner
    response = get_response(request)
  File "/home/marco/Escritorio/TFG/virtual/lib/python3.10/site-packages/django/core/handlers/base.py", line 181, in _get_response
    callback, callback_args, callback_kwargs = self.resolve_request(request)
  File "/home/marco/Escritorio/TFG/virtual/lib/python3.10/site-packages/django/core/handlers/base.py", line 313, in resolve_request
    resolver_match = resolver.resolve(request.path_info)
  File "/home/marco/Escritorio/TFG/virtual/lib/python3.10/site-packages/django/urls/resolvers.py", line 725, in resolve
    raise Resolver404({"tried": tried, "path": new_path})
django.urls.exceptions.Resolver404: {'tried': [[<URLResolver <URLPattern list> (admin:admin) 'admin/'>], [<URLResolver <module 'gestion.urls' from '/home/marco/Escritorio/TFG/marpaga_tfg/gestion/urls.py'> (None:None) ''>, <URLPattern '' [name='inicio']>], [<URLResolver <module 'gestion.urls' from '/home/marco/Escritorio/TFG/marpaga_tfg/gestion/urls.py'> (None:None) ''>, <URLPattern 'login/' [name='login']>], [<URLResolver <module 'gestion.urls' from '/home/marco/Escritorio/TFG/marpaga_tfg/gestion/urls.py'> (None:None) ''>, <URLPattern 'logout/' [name='logout']>], [<URLResolver <module 'gestion.urls' from '/home/marco/Escritorio/TFG/marpaga_tfg/gestion/urls.py'> (None:None) ''>, <URLPattern 'registro/' [name='registro']>], [<URLResolver <module 'gestion.urls' from '/home/marco/Escritorio/TFG/marpaga_tfg/gestion/urls.py'> (None:None) ''>, <URLResolver <module 'personal.urls' from '/home/marco/Escritorio/TFG/marpaga_tfg/personal/urls.py'> (None:None) 'my/'>]], 'path': 'login/img/favicon.ico'}

During handling of the above exception, another exception occurred:

Traceback (most recent call last):
  File "/home/marco/Escritorio/TFG/virtual/lib/python3.10/site-packages/django/template/base.py", line 875, in _resolve_lookup
    current = current[bit]
TypeError: 'URLResolver' object is not subscriptable

During handling of the above exception, another exception occurred:

Traceback (most recent call last):
  File "/home/marco/Escritorio/TFG/virtual/lib/python3.10/site-packages/django/template/base.py", line 885, in _resolve_lookup
    current = getattr(current, bit)
AttributeError: 'URLResolver' object has no attribute 'name'

During handling of the above exception, another exception occurred:

Traceback (most recent call last):
  File "/home/marco/Escritorio/TFG/virtual/lib/python3.10/site-packages/django/template/base.py", line 891, in _resolve_lookup
    current = current[int(bit)]
ValueError: invalid literal for int() with base 10: 'name'

During handling of the above exception, another exception occurred:

Traceback (most recent call last):
  File "/home/marco/Escritorio/TFG/virtual/lib/python3.10/site-packages/django/template/base.py", line 898, in _resolve_lookup
    raise VariableDoesNotExist(
django.template.base.VariableDoesNotExist: Failed lookup for key [name] in <URLResolver <URLPattern list> (admin:admin) 'admin/'>
Exception while resolving variable 'name' in template 'unknown'.
Traceback (most recent call last):
  File "/home/marco/Escritorio/TFG/virtual/lib/python3.10/site-packages/django/core/handlers/exception.py", line 55, in inner
    response = get_response(request)
  File "/home/marco/Escritorio/TFG/virtual/lib/python3.10/site-packages/django/core/handlers/base.py", line 181, in _get_response
    callback, callback_args, callback_kwargs = self.resolve_request(request)
  File "/home/marco/Escritorio/TFG/virtual/lib/python3.10/site-packages/django/core/handlers/base.py", line 313, in resolve_request
    resolver_match = resolver.resolve(request.path_info)
  File "/home/marco/Escritorio/TFG/virtual/lib/python3.10/site-packages/django/urls/resolvers.py", line 725, in resolve
    raise Resolver404({"tried": tried, "path": new_path})
django.urls.exceptions.Resolver404: {'tried': [[<URLResolver <URLPattern list> (admin:admin) 'admin/'>], [<URLResolver <module 'gestion.urls' from '/home/marco/Escritorio/TFG/marpaga_tfg/gestion/urls.py'> (None:None) ''>, <URLPattern '' [name='inicio']>], [<URLResolver <module 'gestion.urls' from '/home/marco/Escritorio/TFG/marpaga_tfg/gestion/urls.py'> (None:None) ''>, <URLPattern 'login/' [name='login']>], [<URLResolver <module 'gestion.urls' from '/home/marco/Escritorio/TFG/marpaga_tfg/gestion/urls.py'> (None:None) ''>, <URLPattern 'logout/' [name='logout']>], [<URLResolver <module 'gestion.urls' from '/home/marco/Escritorio/TFG/marpaga_tfg/gestion/urls.py'> (None:None) ''>, <URLPattern 'registro/' [name='registro']>], [<URLResolver <module 'gestion.urls' from '/home/marco/Escritorio/TFG/marpaga_tfg/gestion/urls.py'> (None:None) ''>, <URLResolver <module 'personal.urls' from '/home/marco/Escritorio/TFG/marpaga_tfg/personal/urls.py'> (None:None) 'my/'>]], 'path': 'login/img/favicon.ico'}

During handling of the above exception, another exception occurred:

Traceback (most recent call last):
  File "/home/marco/Escritorio/TFG/virtual/lib/python3.10/site-packages/django/template/base.py", line 875, in _resolve_lookup
    current = current[bit]
TypeError: 'URLResolver' object is not subscriptable

During handling of the above exception, another exception occurred:

Traceback (most recent call last):
  File "/home/marco/Escritorio/TFG/virtual/lib/python3.10/site-packages/django/template/base.py", line 885, in _resolve_lookup
    current = getattr(current, bit)
AttributeError: 'URLResolver' object has no attribute 'name'

During handling of the above exception, another exception occurred:

Traceback (most recent call last):
  File "/home/marco/Escritorio/TFG/virtual/lib/python3.10/site-packages/django/template/base.py", line 891, in _resolve_lookup
    current = current[int(bit)]
ValueError: invalid literal for int() with base 10: 'name'

During handling of the above exception, another exception occurred:

Traceback (most recent call last):
  File "/home/marco/Escritorio/TFG/virtual/lib/python3.10/site-packages/django/template/base.py", line 898, in _resolve_lookup
    raise VariableDoesNotExist(
django.template.base.VariableDoesNotExist: Failed lookup for key [name] in <URLResolver <module 'personal.urls' from '/home/marco/Escritorio/TFG/marpaga_tfg/personal/urls.py'> (None:None) 'my/'>
Not Found: /login/img/favicon.ico
"GET /login/img/favicon.ico HTTP/1.1" 404 2965
"GET / HTTP/1.1" 200 13957
"GET / HTTP/1.1" 200 13957
File /home/marco/Escritorio/TFG/marpaga_tfg/marpaga/settings.py previous mtime: 1708709835.114835, current mtime: 1708712504.3467996
/home/marco/Escritorio/TFG/marpaga_tfg/marpaga/settings.py notified as changed. Signal results: [(<function template_changed at 0x7f55eff231c0>, None), (<function translation_file_changed at 0x7f55ef3ae4d0>, None)].
/home/marco/Escritorio/TFG/marpaga_tfg/marpaga/settings.py changed, reloading.
